{"/Users/riddhimunjewar/Documents/GitHub/tickettoride/choochoo/src/image_imports.tsx": {"path":"/Users/riddhimunjewar/Documents/GitHub/tickettoride/choochoo/src/image_imports.tsx","statementMap":{"0":{"start":{"line":2,"column":0},"end":{"line":2,"column":7}},"1":{"start":{"line":115,"column":2},"end":{"line":2,"column":55}},"2":{"start":{"line":3,"column":0},"end":{"line":3,"column":7}},"3":{"start":{"line":116,"column":2},"end":{"line":3,"column":57}},"4":{"start":{"line":5,"column":0},"end":{"line":5,"column":7}},"5":{"start":{"line":119,"column":2},"end":{"line":5,"column":45}},"6":{"start":{"line":6,"column":0},"end":{"line":6,"column":7}},"7":{"start":{"line":120,"column":2},"end":{"line":6,"column":43}},"8":{"start":{"line":7,"column":0},"end":{"line":7,"column":7}},"9":{"start":{"line":121,"column":2},"end":{"line":7,"column":45}},"10":{"start":{"line":8,"column":0},"end":{"line":8,"column":7}},"11":{"start":{"line":122,"column":2},"end":{"line":8,"column":45}},"12":{"start":{"line":9,"column":0},"end":{"line":9,"column":7}},"13":{"start":{"line":123,"column":2},"end":{"line":9,"column":47}},"14":{"start":{"line":10,"column":0},"end":{"line":10,"column":7}},"15":{"start":{"line":124,"column":2},"end":{"line":10,"column":41}},"16":{"start":{"line":11,"column":0},"end":{"line":11,"column":7}},"17":{"start":{"line":125,"column":2},"end":{"line":11,"column":45}},"18":{"start":{"line":12,"column":0},"end":{"line":12,"column":7}},"19":{"start":{"line":126,"column":2},"end":{"line":12,"column":43}},"20":{"start":{"line":13,"column":0},"end":{"line":13,"column":7}},"21":{"start":{"line":127,"column":2},"end":{"line":13,"column":47}},"22":{"start":{"line":15,"column":0},"end":{"line":15,"column":7}},"23":{"start":{"line":130,"column":2},"end":{"line":15,"column":64}},"24":{"start":{"line":16,"column":0},"end":{"line":16,"column":7}},"25":{"start":{"line":131,"column":2},"end":{"line":16,"column":68}},"26":{"start":{"line":17,"column":0},"end":{"line":17,"column":7}},"27":{"start":{"line":132,"column":2},"end":{"line":17,"column":72}},"28":{"start":{"line":18,"column":0},"end":{"line":18,"column":7}},"29":{"start":{"line":133,"column":2},"end":{"line":18,"column":76}},"30":{"start":{"line":19,"column":0},"end":{"line":19,"column":7}},"31":{"start":{"line":134,"column":2},"end":{"line":19,"column":72}},"32":{"start":{"line":20,"column":0},"end":{"line":20,"column":7}},"33":{"start":{"line":135,"column":2},"end":{"line":20,"column":62}},"34":{"start":{"line":21,"column":0},"end":{"line":21,"column":7}},"35":{"start":{"line":136,"column":2},"end":{"line":21,"column":62}},"36":{"start":{"line":22,"column":0},"end":{"line":22,"column":7}},"37":{"start":{"line":137,"column":2},"end":{"line":22,"column":68}},"38":{"start":{"line":23,"column":0},"end":{"line":23,"column":7}},"39":{"start":{"line":138,"column":2},"end":{"line":23,"column":80}},"40":{"start":{"line":24,"column":0},"end":{"line":24,"column":7}},"41":{"start":{"line":139,"column":2},"end":{"line":24,"column":78}},"42":{"start":{"line":25,"column":0},"end":{"line":25,"column":7}},"43":{"start":{"line":140,"column":2},"end":{"line":25,"column":70}},"44":{"start":{"line":26,"column":0},"end":{"line":26,"column":7}},"45":{"start":{"line":141,"column":2},"end":{"line":26,"column":66}},"46":{"start":{"line":27,"column":0},"end":{"line":27,"column":7}},"47":{"start":{"line":142,"column":2},"end":{"line":27,"column":68}},"48":{"start":{"line":28,"column":0},"end":{"line":28,"column":7}},"49":{"start":{"line":143,"column":2},"end":{"line":28,"column":66}},"50":{"start":{"line":29,"column":0},"end":{"line":29,"column":7}},"51":{"start":{"line":144,"column":2},"end":{"line":29,"column":60}},"52":{"start":{"line":30,"column":0},"end":{"line":30,"column":7}},"53":{"start":{"line":145,"column":2},"end":{"line":30,"column":70}},"54":{"start":{"line":31,"column":0},"end":{"line":31,"column":7}},"55":{"start":{"line":146,"column":2},"end":{"line":31,"column":68}},"56":{"start":{"line":32,"column":0},"end":{"line":32,"column":7}},"57":{"start":{"line":147,"column":2},"end":{"line":32,"column":76}},"58":{"start":{"line":33,"column":0},"end":{"line":33,"column":7}},"59":{"start":{"line":148,"column":2},"end":{"line":33,"column":70}},"60":{"start":{"line":34,"column":0},"end":{"line":34,"column":7}},"61":{"start":{"line":149,"column":2},"end":{"line":34,"column":76}},"62":{"start":{"line":35,"column":0},"end":{"line":35,"column":7}},"63":{"start":{"line":150,"column":2},"end":{"line":35,"column":70}},"64":{"start":{"line":36,"column":0},"end":{"line":36,"column":7}},"65":{"start":{"line":151,"column":2},"end":{"line":36,"column":68}},"66":{"start":{"line":38,"column":0},"end":{"line":38,"column":7}},"67":{"start":{"line":154,"column":2},"end":{"line":38,"column":56}},"68":{"start":{"line":39,"column":0},"end":{"line":39,"column":7}},"69":{"start":{"line":155,"column":2},"end":{"line":39,"column":55}},"70":{"start":{"line":40,"column":0},"end":{"line":40,"column":7}},"71":{"start":{"line":156,"column":2},"end":{"line":40,"column":60}},"72":{"start":{"line":41,"column":0},"end":{"line":41,"column":7}},"73":{"start":{"line":157,"column":2},"end":{"line":41,"column":65}},"74":{"start":{"line":42,"column":0},"end":{"line":42,"column":7}},"75":{"start":{"line":158,"column":2},"end":{"line":42,"column":49}},"76":{"start":{"line":43,"column":0},"end":{"line":43,"column":7}},"77":{"start":{"line":159,"column":2},"end":{"line":43,"column":66}},"78":{"start":{"line":44,"column":0},"end":{"line":44,"column":7}},"79":{"start":{"line":160,"column":2},"end":{"line":44,"column":56}},"80":{"start":{"line":45,"column":0},"end":{"line":45,"column":7}},"81":{"start":{"line":161,"column":2},"end":{"line":45,"column":68}},"82":{"start":{"line":46,"column":0},"end":{"line":46,"column":7}},"83":{"start":{"line":162,"column":2},"end":{"line":46,"column":66}},"84":{"start":{"line":47,"column":0},"end":{"line":47,"column":7}},"85":{"start":{"line":163,"column":2},"end":{"line":47,"column":66}},"86":{"start":{"line":48,"column":0},"end":{"line":48,"column":7}},"87":{"start":{"line":164,"column":2},"end":{"line":48,"column":55}},"88":{"start":{"line":49,"column":0},"end":{"line":49,"column":7}},"89":{"start":{"line":165,"column":2},"end":{"line":49,"column":67}},"90":{"start":{"line":51,"column":0},"end":{"line":51,"column":7}},"91":{"start":{"line":168,"column":2},"end":{"line":51,"column":60}},"92":{"start":{"line":52,"column":0},"end":{"line":52,"column":7}},"93":{"start":{"line":169,"column":2},"end":{"line":52,"column":62}},"94":{"start":{"line":53,"column":0},"end":{"line":53,"column":7}},"95":{"start":{"line":170,"column":2},"end":{"line":53,"column":46}},"96":{"start":{"line":54,"column":0},"end":{"line":54,"column":7}},"97":{"start":{"line":171,"column":2},"end":{"line":54,"column":44}},"98":{"start":{"line":56,"column":13},"end":{"line":69,"column":2}},"99":{"start":{"line":71,"column":13},"end":{"line":81,"column":2}},"100":{"start":{"line":83,"column":13},"end":{"line":106,"column":2}},"101":{"start":{"line":108,"column":13},"end":{"line":111,"column":2}}},"fnMap":{},"branchMap":{},"s":{"0":2,"1":2,"2":2,"3":2,"4":2,"5":2,"6":2,"7":2,"8":2,"9":2,"10":2,"11":2,"12":2,"13":2,"14":2,"15":2,"16":2,"17":2,"18":2,"19":2,"20":2,"21":2,"22":2,"23":2,"24":2,"25":2,"26":2,"27":2,"28":2,"29":2,"30":2,"31":2,"32":2,"33":2,"34":2,"35":2,"36":2,"37":2,"38":2,"39":2,"40":2,"41":2,"42":2,"43":2,"44":2,"45":2,"46":2,"47":2,"48":2,"49":2,"50":2,"51":2,"52":2,"53":2,"54":2,"55":2,"56":2,"57":2,"58":2,"59":2,"60":2,"61":2,"62":2,"63":2,"64":2,"65":2,"66":2,"67":2,"68":2,"69":2,"70":2,"71":2,"72":2,"73":2,"74":2,"75":2,"76":2,"77":2,"78":2,"79":2,"80":2,"81":2,"82":2,"83":2,"84":2,"85":2,"86":2,"87":2,"88":2,"89":2,"90":2,"91":2,"92":2,"93":2,"94":2,"95":2,"96":2,"97":2,"98":2,"99":2,"100":2,"101":2},"f":{},"b":{}}
,"/Users/riddhimunjewar/Documents/GitHub/tickettoride/choochoo/src/backend/destination.ts": {"path":"/Users/riddhimunjewar/Documents/GitHub/tickettoride/choochoo/src/backend/destination.ts","statementMap":{"0":{"start":{"line":6,"column":4},"end":{"line":6,"column":21}},"1":{"start":{"line":7,"column":4},"end":{"line":7,"column":15}},"2":{"start":{"line":8,"column":4},"end":{"line":8,"column":15}},"3":{"start":{"line":12,"column":4},"end":{"line":12,"column":21}},"4":{"start":{"line":16,"column":0},"end":{"line":16,"column":27}}},"fnMap":{"0":{"name":"(anonymous_0)","decl":{"start":{"line":5,"column":2},"end":{"line":5,"column":14}},"loc":{"start":{"line":5,"column":48},"end":{"line":9,"column":3}}},"1":{"name":"(anonymous_1)","decl":{"start":{"line":11,"column":2},"end":{"line":11,"column":9}},"loc":{"start":{"line":11,"column":9},"end":{"line":13,"column":3}}}},"branchMap":{},"s":{"0":16,"1":16,"2":16,"3":58,"4":1},"f":{"0":16,"1":58},"b":{}}
,"/Users/riddhimunjewar/Documents/GitHub/tickettoride/choochoo/src/backend/hardcodedMap.ts": {"path":"/Users/riddhimunjewar/Documents/GitHub/tickettoride/choochoo/src/backend/hardcodedMap.ts","statementMap":{"0":{"start":{"line":1,"column":0},"end":{"line":1,"column":38}},"1":{"start":{"line":2,"column":0},"end":{"line":2,"column":40}},"2":{"start":{"line":4,"column":13},"end":{"line":21,"column":2}},"3":{"start":{"line":23,"column":13},"end":{"line":314,"column":2}}},"fnMap":{},"branchMap":{},"s":{"0":1,"1":1,"2":1,"3":1},"f":{},"b":{}}
,"/Users/riddhimunjewar/Documents/GitHub/tickettoride/choochoo/src/backend/trainRoute.ts": {"path":"/Users/riddhimunjewar/Documents/GitHub/tickettoride/choochoo/src/backend/trainRoute.ts","statementMap":{"0":{"start":{"line":3,"column":19},"end":{"line":10,"column":2}},"1":{"start":{"line":32,"column":4},"end":{"line":32,"column":37}},"2":{"start":{"line":33,"column":4},"end":{"line":33,"column":37}},"3":{"start":{"line":34,"column":4},"end":{"line":34,"column":25}},"4":{"start":{"line":35,"column":4},"end":{"line":35,"column":31}},"5":{"start":{"line":36,"column":4},"end":{"line":36,"column":29}},"6":{"start":{"line":37,"column":4},"end":{"line":37,"column":25}},"7":{"start":{"line":38,"column":4},"end":{"line":38,"column":35}},"8":{"start":{"line":39,"column":4},"end":{"line":39,"column":55}},"9":{"start":{"line":43,"column":4},"end":{"line":43,"column":23}},"10":{"start":{"line":47,"column":4},"end":{"line":47,"column":26}},"11":{"start":{"line":51,"column":4},"end":{"line":51,"column":25}},"12":{"start":{"line":55,"column":4},"end":{"line":55,"column":28}},"13":{"start":{"line":56,"column":4},"end":{"line":58,"column":5}},"14":{"start":{"line":57,"column":6},"end":{"line":57,"column":42}},"15":{"start":{"line":62,"column":4},"end":{"line":62,"column":44}},"16":{"start":{"line":66,"column":4},"end":{"line":66,"column":50}},"17":{"start":{"line":70,"column":4},"end":{"line":70,"column":24}},"18":{"start":{"line":74,"column":4},"end":{"line":83,"column":6}},"19":{"start":{"line":87,"column":18},"end":{"line":95,"column":null}},"20":{"start":{"line":97,"column":4},"end":{"line":97,"column":41}},"21":{"start":{"line":98,"column":4},"end":{"line":98,"column":17}},"22":{"start":{"line":102,"column":4},"end":{"line":102,"column":34}},"23":{"start":{"line":106,"column":0},"end":{"line":106,"column":26}}},"fnMap":{"0":{"name":"(anonymous_0)","decl":{"start":{"line":22,"column":2},"end":{"line":22,"column":null}},"loc":{"start":{"line":30,"column":36},"end":{"line":40,"column":3}}},"1":{"name":"(anonymous_1)","decl":{"start":{"line":42,"column":2},"end":{"line":42,"column":11}},"loc":{"start":{"line":42,"column":11},"end":{"line":44,"column":3}}},"2":{"name":"(anonymous_2)","decl":{"start":{"line":46,"column":2},"end":{"line":46,"column":14}},"loc":{"start":{"line":46,"column":14},"end":{"line":48,"column":3}}},"3":{"name":"(anonymous_3)","decl":{"start":{"line":50,"column":2},"end":{"line":50,"column":13}},"loc":{"start":{"line":50,"column":13},"end":{"line":52,"column":3}}},"4":{"name":"(anonymous_4)","decl":{"start":{"line":54,"column":2},"end":{"line":54,"column":12}},"loc":{"start":{"line":54,"column":50},"end":{"line":59,"column":3}}},"5":{"name":"(anonymous_5)","decl":{"start":{"line":61,"column":2},"end":{"line":61,"column":15}},"loc":{"start":{"line":61,"column":15},"end":{"line":63,"column":3}}},"6":{"name":"(anonymous_6)","decl":{"start":{"line":65,"column":2},"end":{"line":65,"column":17}},"loc":{"start":{"line":65,"column":17},"end":{"line":67,"column":3}}},"7":{"name":"(anonymous_7)","decl":{"start":{"line":69,"column":2},"end":{"line":69,"column":12}},"loc":{"start":{"line":69,"column":12},"end":{"line":71,"column":3}}},"8":{"name":"(anonymous_8)","decl":{"start":{"line":73,"column":2},"end":{"line":73,"column":8}},"loc":{"start":{"line":73,"column":8},"end":{"line":84,"column":3}}},"9":{"name":"(anonymous_9)","decl":{"start":{"line":86,"column":2},"end":{"line":86,"column":8}},"loc":{"start":{"line":86,"column":27},"end":{"line":99,"column":3}}},"10":{"name":"(anonymous_10)","decl":{"start":{"line":101,"column":2},"end":{"line":101,"column":22}},"loc":{"start":{"line":101,"column":22},"end":{"line":103,"column":3}}}},"branchMap":{"0":{"loc":{"start":{"line":38,"column":19},"end":{"line":38,"column":34}},"type":"binary-expr","locations":[{"start":{"line":38,"column":19},"end":{"line":38,"column":26}},{"start":{"line":38,"column":30},"end":{"line":38,"column":34}}]},"1":{"loc":{"start":{"line":39,"column":29},"end":{"line":39,"column":54}},"type":"binary-expr","locations":[{"start":{"line":39,"column":29},"end":{"line":39,"column":46}},{"start":{"line":39,"column":50},"end":{"line":39,"column":54}}]},"2":{"loc":{"start":{"line":56,"column":4},"end":{"line":58,"column":5}},"type":"if","locations":[{"start":{"line":56,"column":4},"end":{"line":58,"column":5}}]},"3":{"loc":{"start":{"line":62,"column":11},"end":{"line":62,"column":43}},"type":"binary-expr","locations":[{"start":{"line":62,"column":11},"end":{"line":62,"column":38}},{"start":{"line":62,"column":42},"end":{"line":62,"column":43}}]},"4":{"loc":{"start":{"line":97,"column":20},"end":{"line":97,"column":40}},"type":"binary-expr","locations":[{"start":{"line":97,"column":20},"end":{"line":97,"column":32}},{"start":{"line":97,"column":36},"end":{"line":97,"column":40}}]}},"s":{"0":1,"1":29,"2":29,"3":29,"4":29,"5":29,"6":29,"7":29,"8":29,"9":0,"10":0,"11":0,"12":0,"13":0,"14":0,"15":0,"16":0,"17":0,"18":0,"19":0,"20":0,"21":0,"22":0,"23":1},"f":{"0":29,"1":0,"2":0,"3":0,"4":0,"5":0,"6":0,"7":0,"8":0,"9":0,"10":0},"b":{"0":[29,29],"1":[29,29],"2":[0],"3":[0,0],"4":[0,0]}}
,"/Users/riddhimunjewar/Documents/GitHub/tickettoride/choochoo/src/mainGamePage/mainGamePage.tsx": {"path":"/Users/riddhimunjewar/Documents/GitHub/tickettoride/choochoo/src/mainGamePage/mainGamePage.tsx","statementMap":{"0":{"start":{"line":1,"column":0},"end":{"line":1,"column":51}},"1":{"start":{"line":3,"column":0},"end":{"line":3,"column":28}},"2":{"start":{"line":4,"column":0},"end":{"line":4,"column":47}},"3":{"start":{"line":6,"column":0},"end":{"line":6,"column":58}},"4":{"start":{"line":7,"column":0},"end":{"line":7,"column":63}},"5":{"start":{"line":8,"column":0},"end":{"line":8,"column":84}},"6":{"start":{"line":9,"column":0},"end":{"line":9,"column":83}},"7":{"start":{"line":10,"column":0},"end":{"line":10,"column":61}},"8":{"start":{"line":11,"column":0},"end":{"line":11,"column":57}},"9":{"start":{"line":12,"column":0},"end":{"line":12,"column":35}},"10":{"start":{"line":13,"column":0},"end":{"line":13,"column":60}},"11":{"start":{"line":15,"column":0},"end":{"line":15,"column":53}},"12":{"start":{"line":16,"column":0},"end":{"line":16,"column":65}},"13":{"start":{"line":17,"column":0},"end":{"line":17,"column":40}},"14":{"start":{"line":19,"column":0},"end":{"line":19,"column":59}},"15":{"start":{"line":51,"column":13},"end":{"line":51,"column":36}},"16":{"start":{"line":53,"column":21},"end":{"line":614,"column":1}},"17":{"start":{"line":54,"column":19},"end":{"line":54,"column":32}},"18":{"start":{"line":55,"column":20},"end":{"line":55,"column":33}},"19":{"start":{"line":56,"column":46},"end":{"line":56,"column":57}},"20":{"start":{"line":57,"column":57},"end":{"line":57,"column":74}},"21":{"start":{"line":59,"column":4},"end":{"line":59,"column":57}},"22":{"start":{"line":60,"column":38},"end":{"line":60,"column":60}},"23":{"start":{"line":61,"column":40},"end":{"line":61,"column":51}},"24":{"start":{"line":62,"column":46},"end":{"line":62,"column":68}},"25":{"start":{"line":64,"column":16},"end":{"line":64,"column":33}},"26":{"start":{"line":65,"column":17},"end":{"line":65,"column":35}},"27":{"start":{"line":66,"column":38},"end":{"line":66,"column":60}},"28":{"start":{"line":67,"column":56},"end":{"line":69,"column":7}},"29":{"start":{"line":70,"column":62},"end":{"line":72,"column":7}},"30":{"start":{"line":73,"column":48},"end":{"line":73,"column":59}},"31":{"start":{"line":74,"column":46},"end":{"line":74,"column":61}},"32":{"start":{"line":75,"column":38},"end":{"line":75,"column":68}},"33":{"start":{"line":76,"column":30},"end":{"line":76,"column":42}},"34":{"start":{"line":77,"column":42},"end":{"line":77,"column":75}},"35":{"start":{"line":78,"column":42},"end":{"line":78,"column":57}},"36":{"start":{"line":79,"column":44},"end":{"line":79,"column":75}},"37":{"start":{"line":80,"column":46},"end":{"line":80,"column":57}},"38":{"start":{"line":81,"column":46},"end":{"line":81,"column":57}},"39":{"start":{"line":82,"column":46},"end":{"line":82,"column":57}},"40":{"start":{"line":83,"column":42},"end":{"line":83,"column":57}},"41":{"start":{"line":84,"column":44},"end":{"line":84,"column":55}},"42":{"start":{"line":85,"column":36},"end":{"line":85,"column":65}},"43":{"start":{"line":86,"column":58},"end":{"line":86,"column":73}},"44":{"start":{"line":87,"column":34},"end":{"line":87,"column":49}},"45":{"start":{"line":88,"column":44},"end":{"line":88,"column":56}},"46":{"start":{"line":89,"column":30},"end":{"line":89,"column":42}},"47":{"start":{"line":91,"column":38},"end":{"line":95,"column":null}},"48":{"start":{"line":92,"column":4},"end":{"line":95,"column":7}},"49":{"start":{"line":92,"column":35},"end":{"line":95,"column":6}},"50":{"start":{"line":101,"column":2},"end":{"line":106,"column":19}},"51":{"start":{"line":102,"column":4},"end":{"line":105,"column":5}},"52":{"start":{"line":103,"column":26},"end":{"line":103,"column":49}},"53":{"start":{"line":104,"column":6},"end":{"line":104,"column":33}},"54":{"start":{"line":112,"column":2},"end":{"line":124,"column":18}},"55":{"start":{"line":113,"column":4},"end":{"line":116,"column":5}},"56":{"start":{"line":114,"column":6},"end":{"line":114,"column":52}},"57":{"start":{"line":115,"column":6},"end":{"line":115,"column":13}},"58":{"start":{"line":118,"column":23},"end":{"line":118,"column":52}},"59":{"start":{"line":119,"column":4},"end":{"line":121,"column":7}},"60":{"start":{"line":120,"column":6},"end":{"line":120,"column":31}},"61":{"start":{"line":123,"column":4},"end":{"line":123,"column":20}},"62":{"start":{"line":129,"column":2},"end":{"line":133,"column":19}},"63":{"start":{"line":130,"column":4},"end":{"line":132,"column":5}},"64":{"start":{"line":131,"column":6},"end":{"line":131,"column":54}},"65":{"start":{"line":139,"column":2},"end":{"line":145,"column":55}},"66":{"start":{"line":140,"column":4},"end":{"line":144,"column":5}},"67":{"start":{"line":141,"column":6},"end":{"line":141,"column":28}},"68":{"start":{"line":143,"column":6},"end":{"line":143,"column":29}},"69":{"start":{"line":150,"column":2},"end":{"line":158,"column":19}},"70":{"start":{"line":151,"column":4},"end":{"line":157,"column":5}},"71":{"start":{"line":152,"column":6},"end":{"line":152,"column":75}},"72":{"start":{"line":153,"column":20},"end":{"line":153,"column":58}},"73":{"start":{"line":154,"column":6},"end":{"line":156,"column":8}},"74":{"start":{"line":163,"column":2},"end":{"line":178,"column":29}},"75":{"start":{"line":164,"column":4},"end":{"line":177,"column":5}},"76":{"start":{"line":165,"column":6},"end":{"line":165,"column":50}},"77":{"start":{"line":165,"column":43},"end":{"line":165,"column":50}},"78":{"start":{"line":168,"column":19},"end":{"line":168,"column":66}},"79":{"start":{"line":168,"column":42},"end":{"line":168,"column":65}},"80":{"start":{"line":170,"column":6},"end":{"line":176,"column":7}},"81":{"start":{"line":171,"column":8},"end":{"line":171,"column":42}},"82":{"start":{"line":172,"column":8},"end":{"line":172,"column":36}},"83":{"start":{"line":173,"column":8},"end":{"line":175,"column":10}},"84":{"start":{"line":183,"column":2},"end":{"line":197,"column":17}},"85":{"start":{"line":184,"column":4},"end":{"line":196,"column":5}},"86":{"start":{"line":185,"column":39},"end":{"line":185,"column":66}},"87":{"start":{"line":186,"column":6},"end":{"line":186,"column":28}},"88":{"start":{"line":187,"column":6},"end":{"line":187,"column":24}},"89":{"start":{"line":188,"column":21},"end":{"line":188,"column":49}},"90":{"start":{"line":189,"column":23},"end":{"line":189,"column":25}},"91":{"start":{"line":191,"column":6},"end":{"line":193,"column":7}},"92":{"start":{"line":192,"column":8},"end":{"line":192,"column":73}},"93":{"start":{"line":195,"column":6},"end":{"line":195,"column":35}},"94":{"start":{"line":202,"column":2},"end":{"line":206,"column":19}},"95":{"start":{"line":203,"column":4},"end":{"line":205,"column":5}},"96":{"start":{"line":204,"column":6},"end":{"line":204,"column":60}},"97":{"start":{"line":211,"column":2},"end":{"line":219,"column":19}},"98":{"start":{"line":212,"column":4},"end":{"line":218,"column":5}},"99":{"start":{"line":213,"column":6},"end":{"line":213,"column":50}},"100":{"start":{"line":213,"column":43},"end":{"line":213,"column":50}},"101":{"start":{"line":216,"column":26},"end":{"line":216,"column":75}},"102":{"start":{"line":216,"column":51},"end":{"line":216,"column":74}},"103":{"start":{"line":217,"column":6},"end":{"line":217,"column":37}},"104":{"start":{"line":238,"column":2},"end":{"line":247,"column":23}},"105":{"start":{"line":239,"column":32},"end":{"line":241,"column":5}},"106":{"start":{"line":240,"column":6},"end":{"line":240,"column":28}},"107":{"start":{"line":243,"column":4},"end":{"line":243,"column":61}},"108":{"start":{"line":244,"column":4},"end":{"line":246,"column":6}},"109":{"start":{"line":245,"column":6},"end":{"line":245,"column":66}},"110":{"start":{"line":252,"column":2},"end":{"line":254,"column":3}},"111":{"start":{"line":253,"column":4},"end":{"line":253,"column":38}},"112":{"start":{"line":259,"column":26},"end":{"line":266,"column":3}},"113":{"start":{"line":260,"column":26},"end":{"line":263,"column":7}},"114":{"start":{"line":260,"column":60},"end":{"line":263,"column":6}},"115":{"start":{"line":265,"column":4},"end":{"line":265,"column":25}},"116":{"start":{"line":271,"column":51},"end":{"line":290,"column":3}},"117":{"start":{"line":274,"column":36},"end":{"line":274,"column":38}},"118":{"start":{"line":276,"column":4},"end":{"line":287,"column":5}},"119":{"start":{"line":277,"column":6},"end":{"line":277,"column":37}},"120":{"start":{"line":277,"column":28},"end":{"line":277,"column":37}},"121":{"start":{"line":278,"column":23},"end":{"line":281,"column":null}},"122":{"start":{"line":280,"column":10},"end":{"line":281,"column":60}},"123":{"start":{"line":284,"column":6},"end":{"line":286,"column":7}},"124":{"start":{"line":285,"column":8},"end":{"line":285,"column":47}},"125":{"start":{"line":289,"column":4},"end":{"line":289,"column":35}},"126":{"start":{"line":295,"column":31},"end":{"line":303,"column":3}},"127":{"start":{"line":296,"column":4},"end":{"line":302,"column":6}},"128":{"start":{"line":297,"column":6},"end":{"line":300,"column":null}},"129":{"start":{"line":298,"column":8},"end":{"line":300,"column":16}},"130":{"start":{"line":308,"column":27},"end":{"line":315,"column":3}},"131":{"start":{"line":309,"column":26},"end":{"line":312,"column":7}},"132":{"start":{"line":309,"column":60},"end":{"line":312,"column":6}},"133":{"start":{"line":314,"column":4},"end":{"line":314,"column":33}},"134":{"start":{"line":320,"column":23},"end":{"line":327,"column":3}},"135":{"start":{"line":321,"column":4},"end":{"line":321,"column":34}},"136":{"start":{"line":322,"column":4},"end":{"line":326,"column":5}},"137":{"start":{"line":323,"column":6},"end":{"line":323,"column":25}},"138":{"start":{"line":324,"column":6},"end":{"line":324,"column":37}},"139":{"start":{"line":325,"column":6},"end":{"line":325,"column":27}},"140":{"start":{"line":362,"column":24},"end":{"line":364,"column":3}},"141":{"start":{"line":363,"column":4},"end":{"line":363,"column":53}},"142":{"start":{"line":370,"column":27},"end":{"line":420,"column":3}},"143":{"start":{"line":372,"column":23},"end":{"line":377,"column":null}},"144":{"start":{"line":374,"column":8},"end":{"line":377,"column":48}},"145":{"start":{"line":379,"column":4},"end":{"line":382,"column":5}},"146":{"start":{"line":380,"column":6},"end":{"line":380,"column":62}},"147":{"start":{"line":381,"column":6},"end":{"line":381,"column":19}},"148":{"start":{"line":383,"column":4},"end":{"line":417,"column":5}},"149":{"start":{"line":390,"column":22},"end":{"line":390,"column":76}},"150":{"start":{"line":392,"column":6},"end":{"line":416,"column":7}},"151":{"start":{"line":393,"column":8},"end":{"line":393,"column":46}},"152":{"start":{"line":394,"column":8},"end":{"line":394,"column":56}},"153":{"start":{"line":395,"column":8},"end":{"line":395,"column":63}},"154":{"start":{"line":397,"column":35},"end":{"line":397,"column":71}},"155":{"start":{"line":398,"column":34},"end":{"line":401,"column":11}},"156":{"start":{"line":398,"column":68},"end":{"line":401,"column":10}},"157":{"start":{"line":402,"column":8},"end":{"line":402,"column":41}},"158":{"start":{"line":405,"column":8},"end":{"line":413,"column":11}},"159":{"start":{"line":406,"column":32},"end":{"line":406,"column":47}},"160":{"start":{"line":407,"column":20},"end":{"line":407,"column":45}},"161":{"start":{"line":409,"column":10},"end":{"line":409,"column":31}},"162":{"start":{"line":410,"column":10},"end":{"line":410,"column":52}},"163":{"start":{"line":412,"column":10},"end":{"line":412,"column":31}},"164":{"start":{"line":415,"column":8},"end":{"line":415,"column":20}},"165":{"start":{"line":419,"column":4},"end":{"line":419,"column":17}},"166":{"start":{"line":426,"column":30},"end":{"line":463,"column":3}},"167":{"start":{"line":427,"column":4},"end":{"line":462,"column":5}},"168":{"start":{"line":433,"column":6},"end":{"line":433,"column":42}},"169":{"start":{"line":434,"column":33},"end":{"line":434,"column":69}},"170":{"start":{"line":437,"column":27},"end":{"line":437,"column":31}},"171":{"start":{"line":438,"column":6},"end":{"line":443,"column":7}},"172":{"start":{"line":438,"column":19},"end":{"line":438,"column":20}},"173":{"start":{"line":439,"column":8},"end":{"line":442,"column":9}},"174":{"start":{"line":440,"column":10},"end":{"line":440,"column":56}},"175":{"start":{"line":441,"column":10},"end":{"line":441,"column":16}},"176":{"start":{"line":446,"column":32},"end":{"line":449,"column":9}},"177":{"start":{"line":446,"column":66},"end":{"line":449,"column":8}},"178":{"start":{"line":450,"column":6},"end":{"line":450,"column":39}},"179":{"start":{"line":452,"column":6},"end":{"line":459,"column":7}},"180":{"start":{"line":453,"column":8},"end":{"line":453,"column":37}},"181":{"start":{"line":454,"column":8},"end":{"line":454,"column":38}},"182":{"start":{"line":456,"column":8},"end":{"line":458,"column":17}},"183":{"start":{"line":457,"column":10},"end":{"line":457,"column":41}},"184":{"start":{"line":461,"column":6},"end":{"line":461,"column":54}},"185":{"start":{"line":461,"column":39},"end":{"line":461,"column":52}},"186":{"start":{"line":469,"column":24},"end":{"line":481,"column":3}},"187":{"start":{"line":470,"column":4},"end":{"line":470,"column":25}},"188":{"start":{"line":471,"column":4},"end":{"line":471,"column":25}},"189":{"start":{"line":472,"column":4},"end":{"line":472,"column":25}},"190":{"start":{"line":473,"column":4},"end":{"line":473,"column":27}},"191":{"start":{"line":474,"column":4},"end":{"line":474,"column":26}},"192":{"start":{"line":475,"column":4},"end":{"line":475,"column":27}},"193":{"start":{"line":476,"column":4},"end":{"line":476,"column":35}},"194":{"start":{"line":477,"column":4},"end":{"line":477,"column":29}},"195":{"start":{"line":478,"column":4},"end":{"line":478,"column":37}},"196":{"start":{"line":479,"column":4},"end":{"line":479,"column":52}},"197":{"start":{"line":480,"column":4},"end":{"line":480,"column":32}},"198":{"start":{"line":483,"column":50},"end":{"line":485,"column":4}},"199":{"start":{"line":487,"column":2},"end":{"line":613,"column":4}},"200":{"start":{"line":491,"column":10},"end":{"line":492,"column":null}},"201":{"start":{"line":578,"column":12},"end":{"line":579,"column":null}},"202":{"start":{"line":616,"column":0},"end":{"line":616,"column":28}}},"fnMap":{"0":{"name":"(anonymous_1)","decl":{"start":{"line":53,"column":21},"end":{"line":53,"column":24}},"loc":{"start":{"line":53,"column":26},"end":{"line":614,"column":1}}},"1":{"name":"(anonymous_2)","decl":{"start":{"line":91,"column":47},"end":{"line":91,"column":50}},"loc":{"start":{"line":92,"column":4},"end":{"line":95,"column":7}}},"2":{"name":"(anonymous_3)","decl":{"start":{"line":92,"column":24},"end":{"line":92,"column":25}},"loc":{"start":{"line":92,"column":35},"end":{"line":95,"column":6}}},"3":{"name":"(anonymous_4)","decl":{"start":{"line":101,"column":12},"end":{"line":101,"column":15}},"loc":{"start":{"line":101,"column":17},"end":{"line":106,"column":3}}},"4":{"name":"(anonymous_5)","decl":{"start":{"line":112,"column":12},"end":{"line":112,"column":15}},"loc":{"start":{"line":112,"column":17},"end":{"line":124,"column":3}}},"5":{"name":"(anonymous_6)","decl":{"start":{"line":119,"column":40},"end":{"line":119,"column":41}},"loc":{"start":{"line":119,"column":54},"end":{"line":121,"column":5}}},"6":{"name":"(anonymous_7)","decl":{"start":{"line":123,"column":11},"end":{"line":123,"column":14}},"loc":{"start":{"line":123,"column":16},"end":{"line":123,"column":19}}},"7":{"name":"(anonymous_8)","decl":{"start":{"line":129,"column":12},"end":{"line":129,"column":15}},"loc":{"start":{"line":129,"column":17},"end":{"line":133,"column":3}}},"8":{"name":"(anonymous_9)","decl":{"start":{"line":139,"column":12},"end":{"line":139,"column":15}},"loc":{"start":{"line":139,"column":17},"end":{"line":145,"column":3}}},"9":{"name":"(anonymous_10)","decl":{"start":{"line":150,"column":12},"end":{"line":150,"column":15}},"loc":{"start":{"line":150,"column":17},"end":{"line":158,"column":3}}},"10":{"name":"(anonymous_11)","decl":{"start":{"line":163,"column":12},"end":{"line":163,"column":15}},"loc":{"start":{"line":163,"column":17},"end":{"line":178,"column":3}}},"11":{"name":"(anonymous_12)","decl":{"start":{"line":168,"column":35},"end":{"line":168,"column":36}},"loc":{"start":{"line":168,"column":42},"end":{"line":168,"column":65}}},"12":{"name":"(anonymous_13)","decl":{"start":{"line":183,"column":12},"end":{"line":183,"column":15}},"loc":{"start":{"line":183,"column":17},"end":{"line":197,"column":3}}},"13":{"name":"(anonymous_14)","decl":{"start":{"line":202,"column":12},"end":{"line":202,"column":15}},"loc":{"start":{"line":202,"column":17},"end":{"line":206,"column":3}}},"14":{"name":"(anonymous_15)","decl":{"start":{"line":211,"column":12},"end":{"line":211,"column":15}},"loc":{"start":{"line":211,"column":17},"end":{"line":219,"column":3}}},"15":{"name":"(anonymous_16)","decl":{"start":{"line":216,"column":44},"end":{"line":216,"column":45}},"loc":{"start":{"line":216,"column":51},"end":{"line":216,"column":74}}},"16":{"name":"(anonymous_17)","decl":{"start":{"line":238,"column":12},"end":{"line":238,"column":15}},"loc":{"start":{"line":238,"column":17},"end":{"line":247,"column":3}}},"17":{"name":"(anonymous_18)","decl":{"start":{"line":239,"column":32},"end":{"line":239,"column":35}},"loc":{"start":{"line":239,"column":37},"end":{"line":241,"column":5}}},"18":{"name":"(anonymous_19)","decl":{"start":{"line":244,"column":11},"end":{"line":244,"column":14}},"loc":{"start":{"line":244,"column":16},"end":{"line":246,"column":5}}},"19":{"name":"(anonymous_20)","decl":{"start":{"line":259,"column":26},"end":{"line":259,"column":27}},"loc":{"start":{"line":259,"column":45},"end":{"line":266,"column":3}}},"20":{"name":"(anonymous_21)","decl":{"start":{"line":260,"column":46},"end":{"line":260,"column":47}},"loc":{"start":{"line":260,"column":60},"end":{"line":263,"column":6}}},"21":{"name":"(anonymous_22)","decl":{"start":{"line":271,"column":51},"end":{"line":271,"column":null}},"loc":{"start":{"line":273,"column":6},"end":{"line":290,"column":3}}},"22":{"name":"(anonymous_23)","decl":{"start":{"line":279,"column":8},"end":{"line":279,"column":9}},"loc":{"start":{"line":280,"column":10},"end":{"line":281,"column":60}}},"23":{"name":"(anonymous_24)","decl":{"start":{"line":295,"column":31},"end":{"line":295,"column":32}},"loc":{"start":{"line":295,"column":65},"end":{"line":303,"column":3}}},"24":{"name":"(anonymous_25)","decl":{"start":{"line":296,"column":18},"end":{"line":296,"column":19}},"loc":{"start":{"line":297,"column":6},"end":{"line":300,"column":null}}},"25":{"name":"(anonymous_26)","decl":{"start":{"line":297,"column":20},"end":{"line":297,"column":21}},"loc":{"start":{"line":298,"column":8},"end":{"line":300,"column":16}}},"26":{"name":"(anonymous_27)","decl":{"start":{"line":308,"column":27},"end":{"line":308,"column":28}},"loc":{"start":{"line":308,"column":47},"end":{"line":315,"column":3}}},"27":{"name":"(anonymous_28)","decl":{"start":{"line":309,"column":46},"end":{"line":309,"column":47}},"loc":{"start":{"line":309,"column":60},"end":{"line":312,"column":6}}},"28":{"name":"(anonymous_29)","decl":{"start":{"line":320,"column":23},"end":{"line":320,"column":24}},"loc":{"start":{"line":320,"column":45},"end":{"line":327,"column":3}}},"29":{"name":"(anonymous_30)","decl":{"start":{"line":362,"column":24},"end":{"line":362,"column":27}},"loc":{"start":{"line":362,"column":29},"end":{"line":364,"column":3}}},"30":{"name":"(anonymous_31)","decl":{"start":{"line":370,"column":27},"end":{"line":370,"column":28}},"loc":{"start":{"line":370,"column":49},"end":{"line":420,"column":3}}},"31":{"name":"(anonymous_32)","decl":{"start":{"line":373,"column":6},"end":{"line":373,"column":7}},"loc":{"start":{"line":374,"column":8},"end":{"line":377,"column":48}}},"32":{"name":"(anonymous_33)","decl":{"start":{"line":398,"column":54},"end":{"line":398,"column":55}},"loc":{"start":{"line":398,"column":68},"end":{"line":401,"column":10}}},"33":{"name":"(anonymous_34)","decl":{"start":{"line":405,"column":22},"end":{"line":405,"column":23}},"loc":{"start":{"line":405,"column":37},"end":{"line":413,"column":9}}},"34":{"name":"(anonymous_35)","decl":{"start":{"line":426,"column":30},"end":{"line":426,"column":33}},"loc":{"start":{"line":426,"column":35},"end":{"line":463,"column":3}}},"35":{"name":"(anonymous_36)","decl":{"start":{"line":446,"column":52},"end":{"line":446,"column":53}},"loc":{"start":{"line":446,"column":66},"end":{"line":449,"column":8}}},"36":{"name":"(anonymous_37)","decl":{"start":{"line":456,"column":19},"end":{"line":456,"column":22}},"loc":{"start":{"line":456,"column":24},"end":{"line":458,"column":9}}},"37":{"name":"(anonymous_38)","decl":{"start":{"line":461,"column":24},"end":{"line":461,"column":25}},"loc":{"start":{"line":461,"column":39},"end":{"line":461,"column":52}}},"38":{"name":"(anonymous_39)","decl":{"start":{"line":469,"column":24},"end":{"line":469,"column":27}},"loc":{"start":{"line":469,"column":29},"end":{"line":481,"column":3}}},"39":{"name":"(anonymous_40)","decl":{"start":{"line":490,"column":28},"end":{"line":490,"column":29}},"loc":{"start":{"line":491,"column":10},"end":{"line":492,"column":null}}},"40":{"name":"(anonymous_41)","decl":{"start":{"line":577,"column":26},"end":{"line":577,"column":27}},"loc":{"start":{"line":578,"column":12},"end":{"line":579,"column":null}}}},"branchMap":{"0":{"loc":{"start":{"line":56,"column":46},"end":{"line":56,"column":57}},"type":"binary-expr","locations":[{"start":{"line":56,"column":46},"end":{"line":56,"column":51}},{"start":{"line":56,"column":55},"end":{"line":56,"column":57}}]},"1":{"loc":{"start":{"line":57,"column":57},"end":{"line":57,"column":74}},"type":"binary-expr","locations":[{"start":{"line":57,"column":57},"end":{"line":57,"column":68}},{"start":{"line":57,"column":72},"end":{"line":57,"column":74}}]},"2":{"loc":{"start":{"line":59,"column":4},"end":{"line":59,"column":57}},"type":"binary-expr","locations":[{"start":{"line":59,"column":4},"end":{"line":59,"column":36}},{"start":{"line":59,"column":40},"end":{"line":59,"column":57}}]},"3":{"loc":{"start":{"line":102,"column":4},"end":{"line":105,"column":5}},"type":"if","locations":[{"start":{"line":102,"column":4},"end":{"line":105,"column":5}}]},"4":{"loc":{"start":{"line":113,"column":4},"end":{"line":116,"column":5}},"type":"if","locations":[{"start":{"line":113,"column":4},"end":{"line":116,"column":5}}]},"5":{"loc":{"start":{"line":130,"column":4},"end":{"line":132,"column":5}},"type":"if","locations":[{"start":{"line":130,"column":4},"end":{"line":132,"column":5}}]},"6":{"loc":{"start":{"line":140,"column":4},"end":{"line":144,"column":5}},"type":"if","locations":[{"start":{"line":140,"column":4},"end":{"line":144,"column":5}},{"start":{"line":142,"column":11},"end":{"line":144,"column":5}}]},"7":{"loc":{"start":{"line":140,"column":8},"end":{"line":140,"column":71}},"type":"binary-expr","locations":[{"start":{"line":140,"column":8},"end":{"line":140,"column":26}},{"start":{"line":140,"column":30},"end":{"line":140,"column":49}},{"start":{"line":140,"column":53},"end":{"line":140,"column":71}}]},"8":{"loc":{"start":{"line":151,"column":4},"end":{"line":157,"column":5}},"type":"if","locations":[{"start":{"line":151,"column":4},"end":{"line":157,"column":5}}]},"9":{"loc":{"start":{"line":164,"column":4},"end":{"line":177,"column":5}},"type":"if","locations":[{"start":{"line":164,"column":4},"end":{"line":177,"column":5}}]},"10":{"loc":{"start":{"line":164,"column":8},"end":{"line":164,"column":32}},"type":"binary-expr","locations":[{"start":{"line":164,"column":8},"end":{"line":164,"column":18}},{"start":{"line":164,"column":22},"end":{"line":164,"column":32}}]},"11":{"loc":{"start":{"line":165,"column":6},"end":{"line":165,"column":50}},"type":"if","locations":[{"start":{"line":165,"column":6},"end":{"line":165,"column":50}}]},"12":{"loc":{"start":{"line":165,"column":10},"end":{"line":165,"column":41}},"type":"binary-expr","locations":[{"start":{"line":165,"column":10},"end":{"line":165,"column":28}},{"start":{"line":165,"column":32},"end":{"line":165,"column":41}}]},"13":{"loc":{"start":{"line":170,"column":6},"end":{"line":176,"column":7}},"type":"if","locations":[{"start":{"line":170,"column":6},"end":{"line":176,"column":7}}]},"14":{"loc":{"start":{"line":184,"column":4},"end":{"line":196,"column":5}},"type":"if","locations":[{"start":{"line":184,"column":4},"end":{"line":196,"column":5}}]},"15":{"loc":{"start":{"line":184,"column":8},"end":{"line":184,"column":39}},"type":"binary-expr","locations":[{"start":{"line":184,"column":8},"end":{"line":184,"column":18}},{"start":{"line":184,"column":22},"end":{"line":184,"column":39}}]},"16":{"loc":{"start":{"line":203,"column":4},"end":{"line":205,"column":5}},"type":"if","locations":[{"start":{"line":203,"column":4},"end":{"line":205,"column":5}}]},"17":{"loc":{"start":{"line":212,"column":4},"end":{"line":218,"column":5}},"type":"if","locations":[{"start":{"line":212,"column":4},"end":{"line":218,"column":5}}]},"18":{"loc":{"start":{"line":213,"column":6},"end":{"line":213,"column":50}},"type":"if","locations":[{"start":{"line":213,"column":6},"end":{"line":213,"column":50}}]},"19":{"loc":{"start":{"line":213,"column":10},"end":{"line":213,"column":41}},"type":"binary-expr","locations":[{"start":{"line":213,"column":10},"end":{"line":213,"column":28}},{"start":{"line":213,"column":32},"end":{"line":213,"column":41}}]},"20":{"loc":{"start":{"line":252,"column":2},"end":{"line":254,"column":3}},"type":"if","locations":[{"start":{"line":252,"column":2},"end":{"line":254,"column":3}}]},"21":{"loc":{"start":{"line":277,"column":6},"end":{"line":277,"column":37}},"type":"if","locations":[{"start":{"line":277,"column":6},"end":{"line":277,"column":37}}]},"22":{"loc":{"start":{"line":280,"column":10},"end":{"line":281,"column":60}},"type":"binary-expr","locations":[{"start":{"line":280,"column":10},"end":{"line":280,"column":60}},{"start":{"line":281,"column":10},"end":{"line":281,"column":60}}]},"23":{"loc":{"start":{"line":284,"column":6},"end":{"line":286,"column":7}},"type":"if","locations":[{"start":{"line":284,"column":6},"end":{"line":286,"column":7}}]},"24":{"loc":{"start":{"line":298,"column":8},"end":{"line":300,"column":16}},"type":"cond-expr","locations":[{"start":{"line":299,"column":12},"end":{"line":299,"column":64}},{"start":{"line":300,"column":12},"end":{"line":300,"column":16}}]},"25":{"loc":{"start":{"line":322,"column":4},"end":{"line":326,"column":5}},"type":"if","locations":[{"start":{"line":322,"column":4},"end":{"line":326,"column":5}}]},"26":{"loc":{"start":{"line":374,"column":8},"end":{"line":377,"column":48}},"type":"binary-expr","locations":[{"start":{"line":374,"column":9},"end":{"line":374,"column":46}},{"start":{"line":375,"column":10},"end":{"line":375,"column":47}},{"start":{"line":376,"column":9},"end":{"line":376,"column":46}},{"start":{"line":377,"column":10},"end":{"line":377,"column":47}}]},"27":{"loc":{"start":{"line":379,"column":4},"end":{"line":382,"column":5}},"type":"if","locations":[{"start":{"line":379,"column":4},"end":{"line":382,"column":5}}]},"28":{"loc":{"start":{"line":383,"column":4},"end":{"line":417,"column":5}},"type":"if","locations":[{"start":{"line":383,"column":4},"end":{"line":417,"column":5}}]},"29":{"loc":{"start":{"line":384,"column":6},"end":{"line":387,"column":26}},"type":"binary-expr","locations":[{"start":{"line":384,"column":6},"end":{"line":384,"column":27}},{"start":{"line":385,"column":6},"end":{"line":385,"column":26}},{"start":{"line":386,"column":6},"end":{"line":386,"column":26}},{"start":{"line":387,"column":6},"end":{"line":387,"column":26}}]},"30":{"loc":{"start":{"line":392,"column":6},"end":{"line":416,"column":7}},"type":"if","locations":[{"start":{"line":392,"column":6},"end":{"line":416,"column":7}}]},"31":{"loc":{"start":{"line":427,"column":4},"end":{"line":462,"column":5}},"type":"if","locations":[{"start":{"line":427,"column":4},"end":{"line":462,"column":5}}]},"32":{"loc":{"start":{"line":428,"column":6},"end":{"line":431,"column":26}},"type":"binary-expr","locations":[{"start":{"line":428,"column":6},"end":{"line":428,"column":27}},{"start":{"line":429,"column":6},"end":{"line":429,"column":24}},{"start":{"line":430,"column":6},"end":{"line":430,"column":26}},{"start":{"line":431,"column":6},"end":{"line":431,"column":26}}]},"33":{"loc":{"start":{"line":439,"column":8},"end":{"line":442,"column":9}},"type":"if","locations":[{"start":{"line":439,"column":8},"end":{"line":442,"column":9}}]},"34":{"loc":{"start":{"line":452,"column":6},"end":{"line":459,"column":7}},"type":"if","locations":[{"start":{"line":452,"column":6},"end":{"line":459,"column":7}}]},"35":{"loc":{"start":{"line":484,"column":13},"end":{"line":484,"column":44}},"type":"cond-expr","locations":[{"start":{"line":484,"column":28},"end":{"line":484,"column":35}},{"start":{"line":484,"column":38},"end":{"line":484,"column":44}}]},"36":{"loc":{"start":{"line":513,"column":7},"end":{"line":523,"column":null}},"type":"binary-expr","locations":[{"start":{"line":513,"column":7},"end":{"line":513,"column":15}},{"start":{"line":514,"column":8},"end":{"line":522,"column":null}}]},"37":{"loc":{"start":{"line":526,"column":7},"end":{"line":533,"column":null}},"type":"binary-expr","locations":[{"start":{"line":526,"column":7},"end":{"line":526,"column":19}},{"start":{"line":527,"column":8},"end":{"line":530,"column":null}}]},"38":{"loc":{"start":{"line":536,"column":7},"end":{"line":539,"column":null}},"type":"binary-expr","locations":[{"start":{"line":536,"column":7},"end":{"line":536,"column":27}},{"start":{"line":536,"column":31},"end":{"line":536,"column":40}},{"start":{"line":537,"column":8},"end":{"line":538,"column":null}}]},"39":{"loc":{"start":{"line":566,"column":9},"end":{"line":573,"column":null}},"type":"binary-expr","locations":[{"start":{"line":566,"column":9},"end":{"line":566,"column":23}},{"start":{"line":567,"column":10},"end":{"line":572,"column":null}}]}},"s":{"0":1,"1":1,"2":1,"3":1,"4":1,"5":1,"6":1,"7":1,"8":1,"9":1,"10":1,"11":1,"12":1,"13":1,"14":1,"15":1,"16":1,"17":37,"18":37,"19":37,"20":37,"21":37,"22":37,"23":37,"24":37,"25":37,"26":37,"27":37,"28":37,"29":37,"30":37,"31":37,"32":37,"33":37,"34":37,"35":37,"36":37,"37":37,"38":37,"39":37,"40":37,"41":37,"42":37,"43":37,"44":37,"45":37,"46":37,"47":37,"48":6,"49":54,"50":37,"51":12,"52":6,"53":6,"54":37,"55":6,"56":0,"57":0,"58":6,"59":6,"60":6,"61":6,"62":37,"63":12,"64":6,"65":37,"66":10,"67":2,"68":8,"69":37,"70":12,"71":6,"72":6,"73":6,"74":37,"75":12,"76":6,"77":0,"78":6,"79":6,"80":6,"81":6,"82":6,"83":6,"84":37,"85":6,"86":0,"87":0,"88":0,"89":0,"90":0,"91":0,"92":0,"93":0,"94":37,"95":12,"96":6,"97":37,"98":12,"99":12,"100":6,"101":6,"102":12,"103":6,"104":37,"105":7,"106":0,"107":7,"108":7,"109":7,"110":37,"111":6,"112":31,"113":6,"114":54,"115":6,"116":31,"117":7,"118":7,"119":8,"120":0,"121":8,"122":184,"123":8,"124":0,"125":7,"126":31,"127":0,"128":0,"129":0,"130":31,"131":0,"132":0,"133":0,"134":31,"135":4,"136":4,"137":2,"138":2,"139":2,"140":31,"141":0,"142":31,"143":2,"144":2,"145":2,"146":0,"147":0,"148":2,"149":2,"150":2,"151":2,"152":2,"153":2,"154":2,"155":2,"156":18,"157":2,"158":2,"159":2,"160":2,"161":2,"162":2,"163":2,"164":2,"165":0,"166":31,"167":1,"168":1,"169":1,"170":1,"171":1,"172":1,"173":9,"174":0,"175":0,"176":1,"177":9,"178":1,"179":1,"180":0,"181":0,"182":0,"183":0,"184":1,"185":1,"186":31,"187":1,"188":1,"189":1,"190":1,"191":1,"192":1,"193":1,"194":1,"195":1,"196":1,"197":1,"198":31,"199":31,"200":19,"201":279,"202":1},"f":{"0":37,"1":6,"2":54,"3":12,"4":6,"5":6,"6":6,"7":12,"8":10,"9":12,"10":12,"11":6,"12":6,"13":12,"14":12,"15":12,"16":7,"17":0,"18":7,"19":6,"20":54,"21":7,"22":184,"23":0,"24":0,"25":0,"26":0,"27":0,"28":4,"29":0,"30":2,"31":2,"32":18,"33":2,"34":1,"35":9,"36":0,"37":1,"38":1,"39":19,"40":279},"b":{"0":[37,0],"1":[37,0],"2":[37,37],"3":[6],"4":[0],"5":[6],"6":[2,8],"7":[10,8,8],"8":[6],"9":[6],"10":[12,12],"11":[0],"12":[6,6],"13":[6],"14":[0],"15":[6,0],"16":[6],"17":[12],"18":[6],"19":[12,6],"20":[6],"21":[0],"22":[184,17],"23":[0],"24":[0,0],"25":[2],"26":[2,2,0,0],"27":[0],"28":[2],"29":[2,2,2,2],"30":[2],"31":[1],"32":[1,1,1,1],"33":[0],"34":[0],"35":[2,29],"36":[31,0],"37":[31,2],"38":[31,0,0],"39":[31,1]}}
,"/Users/riddhimunjewar/Documents/GitHub/tickettoride/choochoo/src/mainGamePage/components/PlayerActions/ActionBox.tsx": {"path":"/Users/riddhimunjewar/Documents/GitHub/tickettoride/choochoo/src/mainGamePage/components/PlayerActions/ActionBox.tsx","statementMap":{"0":{"start":{"line":1,"column":0},"end":{"line":1,"column":44}},"1":{"start":{"line":2,"column":0},"end":{"line":2,"column":46}},"2":{"start":{"line":3,"column":0},"end":{"line":3,"column":25}},"3":{"start":{"line":7,"column":0},"end":{"line":7,"column":44}},"4":{"start":{"line":53,"column":30},"end":{"line":53,"column":45}},"5":{"start":{"line":54,"column":42},"end":{"line":54,"column":56}},"6":{"start":{"line":56,"column":2},"end":{"line":60,"column":5}},"7":{"start":{"line":57,"column":4},"end":{"line":59,"column":5}},"8":{"start":{"line":58,"column":6},"end":{"line":58,"column":29}},"9":{"start":{"line":62,"column":2},"end":{"line":77,"column":45}},"10":{"start":{"line":63,"column":4},"end":{"line":76,"column":5}},"11":{"start":{"line":64,"column":6},"end":{"line":64,"column":23}},"12":{"start":{"line":65,"column":11},"end":{"line":76,"column":5}},"13":{"start":{"line":66,"column":6},"end":{"line":66,"column":23}},"14":{"start":{"line":67,"column":6},"end":{"line":67,"column":25}},"15":{"start":{"line":68,"column":11},"end":{"line":76,"column":5}},"16":{"start":{"line":69,"column":6},"end":{"line":69,"column":22}},"17":{"start":{"line":70,"column":6},"end":{"line":70,"column":25}},"18":{"start":{"line":71,"column":11},"end":{"line":76,"column":5}},"19":{"start":{"line":72,"column":6},"end":{"line":72,"column":22}},"20":{"start":{"line":73,"column":11},"end":{"line":76,"column":5}},"21":{"start":{"line":74,"column":6},"end":{"line":74,"column":22}},"22":{"start":{"line":75,"column":6},"end":{"line":75,"column":27}},"23":{"start":{"line":79,"column":23},"end":{"line":86,"column":3}},"24":{"start":{"line":80,"column":4},"end":{"line":84,"column":5}},"25":{"start":{"line":81,"column":6},"end":{"line":81,"column":28}},"26":{"start":{"line":82,"column":11},"end":{"line":84,"column":5}},"27":{"start":{"line":83,"column":6},"end":{"line":83,"column":26}},"28":{"start":{"line":85,"column":4},"end":{"line":85,"column":20}},"29":{"start":{"line":88,"column":2},"end":{"line":90,"column":3}},"30":{"start":{"line":89,"column":4},"end":{"line":89,"column":53}},"31":{"start":{"line":92,"column":2},"end":{"line":129,"column":4}},"32":{"start":{"line":137,"column":2},"end":{"line":143,"column":4}},"33":{"start":{"line":139,"column":29},"end":{"line":139,"column":44}},"34":{"start":{"line":140,"column":29},"end":{"line":140,"column":44}},"35":{"start":{"line":141,"column":29},"end":{"line":141,"column":44}},"36":{"start":{"line":147,"column":2},"end":{"line":151,"column":4}},"37":{"start":{"line":180,"column":22},"end":{"line":190,"column":3}},"38":{"start":{"line":181,"column":4},"end":{"line":189,"column":5}},"39":{"start":{"line":182,"column":6},"end":{"line":182,"column":28}},"40":{"start":{"line":183,"column":6},"end":{"line":183,"column":44}},"41":{"start":{"line":184,"column":6},"end":{"line":184,"column":55}},"42":{"start":{"line":186,"column":6},"end":{"line":188,"column":8}},"43":{"start":{"line":192,"column":2},"end":{"line":196,"column":4}},"44":{"start":{"line":200,"column":2},"end":{"line":206,"column":4}},"45":{"start":{"line":209,"column":0},"end":{"line":209,"column":25}}},"fnMap":{"0":{"name":"ActionBox","decl":{"start":{"line":9,"column":9},"end":{"line":9,"column":18}},"loc":{"start":{"line":52,"column":1},"end":{"line":130,"column":1}}},"1":{"name":"(anonymous_2)","decl":{"start":{"line":56,"column":12},"end":{"line":56,"column":15}},"loc":{"start":{"line":56,"column":17},"end":{"line":60,"column":3}}},"2":{"name":"(anonymous_3)","decl":{"start":{"line":62,"column":12},"end":{"line":62,"column":15}},"loc":{"start":{"line":62,"column":17},"end":{"line":77,"column":3}}},"3":{"name":"(anonymous_4)","decl":{"start":{"line":79,"column":23},"end":{"line":79,"column":26}},"loc":{"start":{"line":79,"column":28},"end":{"line":86,"column":3}}},"4":{"name":"HomeBox","decl":{"start":{"line":132,"column":9},"end":{"line":132,"column":16}},"loc":{"start":{"line":136,"column":1},"end":{"line":144,"column":1}}},"5":{"name":"(anonymous_6)","decl":{"start":{"line":139,"column":23},"end":{"line":139,"column":26}},"loc":{"start":{"line":139,"column":29},"end":{"line":139,"column":44}}},"6":{"name":"(anonymous_7)","decl":{"start":{"line":140,"column":23},"end":{"line":140,"column":26}},"loc":{"start":{"line":140,"column":29},"end":{"line":140,"column":44}}},"7":{"name":"(anonymous_8)","decl":{"start":{"line":141,"column":23},"end":{"line":141,"column":26}},"loc":{"start":{"line":141,"column":29},"end":{"line":141,"column":44}}},"8":{"name":"PlayTrains","decl":{"start":{"line":146,"column":9},"end":{"line":146,"column":19}},"loc":{"start":{"line":146,"column":19},"end":{"line":152,"column":1}}},"9":{"name":"Submit","decl":{"start":{"line":154,"column":9},"end":{"line":154,"column":15}},"loc":{"start":{"line":179,"column":1},"end":{"line":197,"column":1}}},"10":{"name":"(anonymous_11)","decl":{"start":{"line":180,"column":22},"end":{"line":180,"column":25}},"loc":{"start":{"line":180,"column":27},"end":{"line":190,"column":3}}},"11":{"name":"TurnOver","decl":{"start":{"line":199,"column":9},"end":{"line":199,"column":17}},"loc":{"start":{"line":199,"column":17},"end":{"line":207,"column":1}}}},"branchMap":{"0":{"loc":{"start":{"line":57,"column":4},"end":{"line":59,"column":5}},"type":"if","locations":[{"start":{"line":57,"column":4},"end":{"line":59,"column":5}}]},"1":{"loc":{"start":{"line":57,"column":8},"end":{"line":57,"column":72}},"type":"binary-expr","locations":[{"start":{"line":57,"column":8},"end":{"line":57,"column":26}},{"start":{"line":57,"column":30},"end":{"line":57,"column":50}},{"start":{"line":57,"column":54},"end":{"line":57,"column":72}}]},"2":{"loc":{"start":{"line":63,"column":4},"end":{"line":76,"column":5}},"type":"if","locations":[{"start":{"line":63,"column":4},"end":{"line":76,"column":5}},{"start":{"line":65,"column":11},"end":{"line":76,"column":5}}]},"3":{"loc":{"start":{"line":65,"column":11},"end":{"line":76,"column":5}},"type":"if","locations":[{"start":{"line":65,"column":11},"end":{"line":76,"column":5}},{"start":{"line":68,"column":11},"end":{"line":76,"column":5}}]},"4":{"loc":{"start":{"line":65,"column":15},"end":{"line":65,"column":49}},"type":"binary-expr","locations":[{"start":{"line":65,"column":15},"end":{"line":65,"column":27}},{"start":{"line":65,"column":31},"end":{"line":65,"column":49}}]},"5":{"loc":{"start":{"line":68,"column":11},"end":{"line":76,"column":5}},"type":"if","locations":[{"start":{"line":68,"column":11},"end":{"line":76,"column":5}},{"start":{"line":71,"column":11},"end":{"line":76,"column":5}}]},"6":{"loc":{"start":{"line":71,"column":11},"end":{"line":76,"column":5}},"type":"if","locations":[{"start":{"line":71,"column":11},"end":{"line":76,"column":5}},{"start":{"line":73,"column":11},"end":{"line":76,"column":5}}]},"7":{"loc":{"start":{"line":73,"column":11},"end":{"line":76,"column":5}},"type":"if","locations":[{"start":{"line":73,"column":11},"end":{"line":76,"column":5}}]},"8":{"loc":{"start":{"line":73,"column":15},"end":{"line":73,"column":51}},"type":"binary-expr","locations":[{"start":{"line":73,"column":15},"end":{"line":73,"column":27}},{"start":{"line":73,"column":31},"end":{"line":73,"column":51}}]},"9":{"loc":{"start":{"line":80,"column":4},"end":{"line":84,"column":5}},"type":"if","locations":[{"start":{"line":80,"column":4},"end":{"line":84,"column":5}},{"start":{"line":82,"column":11},"end":{"line":84,"column":5}}]},"10":{"loc":{"start":{"line":82,"column":11},"end":{"line":84,"column":5}},"type":"if","locations":[{"start":{"line":82,"column":11},"end":{"line":84,"column":5}}]},"11":{"loc":{"start":{"line":88,"column":2},"end":{"line":90,"column":3}},"type":"if","locations":[{"start":{"line":88,"column":2},"end":{"line":90,"column":3}}]},"12":{"loc":{"start":{"line":94,"column":7},"end":{"line":98,"column":14}},"type":"cond-expr","locations":[{"start":{"line":95,"column":8},"end":{"line":96,"column":null}},{"start":{"line":98,"column":10},"end":{"line":98,"column":14}}]},"13":{"loc":{"start":{"line":94,"column":7},"end":{"line":94,"column":38}},"type":"binary-expr","locations":[{"start":{"line":94,"column":7},"end":{"line":94,"column":13}},{"start":{"line":94,"column":17},"end":{"line":94,"column":38}}]},"14":{"loc":{"start":{"line":100,"column":7},"end":{"line":126,"column":null}},"type":"cond-expr","locations":[{"start":{"line":101,"column":8},"end":{"line":101,"column":47}},{"start":{"line":102,"column":10},"end":{"line":126,"column":null}}]},"15":{"loc":{"start":{"line":100,"column":7},"end":{"line":100,"column":44}},"type":"binary-expr","locations":[{"start":{"line":100,"column":7},"end":{"line":100,"column":19}},{"start":{"line":100,"column":23},"end":{"line":100,"column":44}}]},"16":{"loc":{"start":{"line":102,"column":10},"end":{"line":126,"column":null}},"type":"cond-expr","locations":[{"start":{"line":103,"column":8},"end":{"line":109,"column":null}},{"start":{"line":111,"column":10},"end":{"line":126,"column":null}}]},"17":{"loc":{"start":{"line":102,"column":10},"end":{"line":102,"column":47}},"type":"binary-expr","locations":[{"start":{"line":102,"column":10},"end":{"line":102,"column":22}},{"start":{"line":102,"column":26},"end":{"line":102,"column":47}}]},"18":{"loc":{"start":{"line":111,"column":10},"end":{"line":126,"column":null}},"type":"cond-expr","locations":[{"start":{"line":112,"column":8},"end":{"line":112,"column":22}},{"start":{"line":113,"column":10},"end":{"line":126,"column":null}}]},"19":{"loc":{"start":{"line":111,"column":10},"end":{"line":111,"column":47}},"type":"binary-expr","locations":[{"start":{"line":111,"column":10},"end":{"line":111,"column":22}},{"start":{"line":111,"column":26},"end":{"line":111,"column":47}}]},"20":{"loc":{"start":{"line":113,"column":10},"end":{"line":126,"column":null}},"type":"cond-expr","locations":[{"start":{"line":114,"column":8},"end":{"line":123,"column":null}},{"start":{"line":126,"column":8},"end":{"line":126,"column":20}}]},"21":{"loc":{"start":{"line":113,"column":10},"end":{"line":113,"column":47}},"type":"binary-expr","locations":[{"start":{"line":113,"column":10},"end":{"line":113,"column":22}},{"start":{"line":113,"column":26},"end":{"line":113,"column":47}}]},"22":{"loc":{"start":{"line":181,"column":4},"end":{"line":189,"column":5}},"type":"if","locations":[{"start":{"line":181,"column":4},"end":{"line":189,"column":5}}]},"23":{"loc":{"start":{"line":181,"column":8},"end":{"line":181,"column":76}},"type":"binary-expr","locations":[{"start":{"line":181,"column":8},"end":{"line":181,"column":28}},{"start":{"line":181,"column":32},"end":{"line":181,"column":52}},{"start":{"line":181,"column":56},"end":{"line":181,"column":76}}]}},"s":{"0":1,"1":1,"2":1,"3":1,"4":18,"5":18,"6":18,"7":18,"8":0,"9":18,"10":11,"11":4,"12":7,"13":0,"14":0,"15":7,"16":4,"17":4,"18":3,"19":1,"20":2,"21":2,"22":2,"23":18,"24":1,"25":0,"26":1,"27":1,"28":1,"29":18,"30":0,"31":18,"32":4,"33":1,"34":1,"35":1,"36":2,"37":4,"38":1,"39":1,"40":1,"41":1,"42":1,"43":4,"44":0,"45":1},"f":{"0":18,"1":18,"2":11,"3":1,"4":4,"5":1,"6":1,"7":1,"8":2,"9":4,"10":1,"11":0},"b":{"0":[0],"1":[18,18,18],"2":[4,7],"3":[0,7],"4":[7,4],"5":[4,3],"6":[1,2],"7":[2],"8":[2,2],"9":[0,1],"10":[1],"11":[0],"12":[7,11],"13":[18,7],"14":[4,14],"15":[18,4],"16":[8,6],"17":[14,8],"18":[2,4],"19":[6,2],"20":[4,0],"21":[4,4],"22":[1],"23":[1,1,1]}}
,"/Users/riddhimunjewar/Documents/GitHub/tickettoride/choochoo/src/mainGamePage/components/Profile/ProfileCard.tsx": {"path":"/Users/riddhimunjewar/Documents/GitHub/tickettoride/choochoo/src/mainGamePage/components/Profile/ProfileCard.tsx","statementMap":{"0":{"start":{"line":1,"column":0},"end":{"line":1,"column":27}},"1":{"start":{"line":2,"column":0},"end":{"line":2,"column":48}},"2":{"start":{"line":18,"column":14},"end":{"line":18,"column":54}},"3":{"start":{"line":19,"column":14},"end":{"line":19,"column":45}},"4":{"start":{"line":21,"column":17},"end":{"line":21,"column":63}},"5":{"start":{"line":23,"column":2},"end":{"line":38,"column":4}},"6":{"start":{"line":41,"column":0},"end":{"line":41,"column":26}}},"fnMap":{"0":{"name":"PlayerCard","decl":{"start":{"line":4,"column":9},"end":{"line":4,"column":19}},"loc":{"start":{"line":16,"column":1},"end":{"line":39,"column":1}}}},"branchMap":{"0":{"loc":{"start":{"line":18,"column":14},"end":{"line":18,"column":54}},"type":"binary-expr","locations":[{"start":{"line":18,"column":14},"end":{"line":18,"column":41}},{"start":{"line":18,"column":45},"end":{"line":18,"column":54}}]},"1":{"loc":{"start":{"line":21,"column":17},"end":{"line":21,"column":63}},"type":"binary-expr","locations":[{"start":{"line":21,"column":17},"end":{"line":21,"column":35}},{"start":{"line":21,"column":39},"end":{"line":21,"column":63}}]},"2":{"loc":{"start":{"line":25,"column":17},"end":{"line":25,"column":64}},"type":"cond-expr","locations":[{"start":{"line":25,"column":30},"end":{"line":25,"column":48}},{"start":{"line":25,"column":51},"end":{"line":25,"column":64}}]}},"s":{"0":1,"1":1,"2":46,"3":46,"4":46,"5":46,"6":1},"f":{"0":46},"b":{"0":[46,0],"1":[46,29],"2":[29,17]}}
,"/Users/riddhimunjewar/Documents/GitHub/tickettoride/choochoo/src/mainGamePage/constants/cities.tsx": {"path":"/Users/riddhimunjewar/Documents/GitHub/tickettoride/choochoo/src/mainGamePage/constants/cities.tsx","statementMap":{"0":{"start":{"line":8,"column":23},"end":{"line":25,"column":2}},"1":{"start":{"line":27,"column":0},"end":{"line":27,"column":22}}},"fnMap":{},"branchMap":{},"s":{"0":1,"1":1},"f":{},"b":{}}
,"/Users/riddhimunjewar/Documents/GitHub/tickettoride/choochoo/src/mainGamePage/constants/destinationCards.tsx": {"path":"/Users/riddhimunjewar/Documents/GitHub/tickettoride/choochoo/src/mainGamePage/constants/destinationCards.tsx","statementMap":{"0":{"start":{"line":8,"column":26},"end":{"line":147,"column":2}},"1":{"start":{"line":149,"column":0},"end":{"line":149,"column":33}}},"fnMap":{},"branchMap":{},"s":{"0":1,"1":1},"f":{},"b":{}}
,"/Users/riddhimunjewar/Documents/GitHub/tickettoride/choochoo/src/mainGamePage/constants/trainCards.tsx": {"path":"/Users/riddhimunjewar/Documents/GitHub/tickettoride/choochoo/src/mainGamePage/constants/trainCards.tsx","statementMap":{"0":{"start":{"line":1,"column":0},"end":{"line":1,"column":50}},"1":{"start":{"line":3,"column":15},"end":{"line":13,"column":2}},"2":{"start":{"line":15,"column":19},"end":{"line":18,"column":3}},"3":{"start":{"line":15,"column":42},"end":{"line":18,"column":2}},"4":{"start":{"line":20,"column":0},"end":{"line":20,"column":26}}},"fnMap":{"0":{"name":"(anonymous_0)","decl":{"start":{"line":15,"column":30},"end":{"line":15,"column":31}},"loc":{"start":{"line":15,"column":42},"end":{"line":18,"column":2}}}},"branchMap":{},"s":{"0":1,"1":1,"2":1,"3":9,"4":1},"f":{"0":9},"b":{}}
}
