{"/Users/riddhimunjewar/Documents/GitHub/tickettoride/choochoo/src/main_game_page/main_game_page.tsx": {"path":"/Users/riddhimunjewar/Documents/GitHub/tickettoride/choochoo/src/main_game_page/main_game_page.tsx","statementMap":{"0":{"start":{"line":1,"column":0},"end":{"line":1,"column":51}},"1":{"start":{"line":5,"column":0},"end":{"line":5,"column":30}},"2":{"start":{"line":6,"column":0},"end":{"line":6,"column":48}},"3":{"start":{"line":7,"column":0},"end":{"line":7,"column":35}},"4":{"start":{"line":8,"column":0},"end":{"line":8,"column":58}},"5":{"start":{"line":10,"column":0},"end":{"line":10,"column":63}},"6":{"start":{"line":11,"column":0},"end":{"line":11,"column":84}},"7":{"start":{"line":12,"column":0},"end":{"line":12,"column":83}},"8":{"start":{"line":13,"column":0},"end":{"line":13,"column":61}},"9":{"start":{"line":14,"column":0},"end":{"line":14,"column":57}},"10":{"start":{"line":15,"column":0},"end":{"line":15,"column":35}},"11":{"start":{"line":16,"column":0},"end":{"line":16,"column":60}},"12":{"start":{"line":18,"column":0},"end":{"line":18,"column":50}},"13":{"start":{"line":19,"column":0},"end":{"line":19,"column":62}},"14":{"start":{"line":20,"column":0},"end":{"line":20,"column":40}},"15":{"start":{"line":21,"column":0},"end":{"line":21,"column":40}},"16":{"start":{"line":35,"column":16},"end":{"line":51,"column":2}},"17":{"start":{"line":53,"column":20},"end":{"line":57,"column":2}},"18":{"start":{"line":83,"column":13},"end":{"line":83,"column":36}},"19":{"start":{"line":85,"column":14},"end":{"line":88,"column":2}},"20":{"start":{"line":90,"column":22},"end":{"line":90,"column":40}},"21":{"start":{"line":91,"column":19},"end":{"line":91,"column":40}},"22":{"start":{"line":93,"column":21},"end":{"line":93,"column":57}},"23":{"start":{"line":95,"column":31},"end":{"line":98,"column":3}},"24":{"start":{"line":95,"column":61},"end":{"line":98,"column":2}},"25":{"start":{"line":100,"column":21},"end":{"line":476,"column":1}},"26":{"start":{"line":101,"column":16},"end":{"line":101,"column":33}},"27":{"start":{"line":102,"column":17},"end":{"line":102,"column":35}},"28":{"start":{"line":104,"column":19},"end":{"line":104,"column":32}},"29":{"start":{"line":105,"column":20},"end":{"line":105,"column":33}},"30":{"start":{"line":106,"column":35},"end":{"line":106,"column":46}},"31":{"start":{"line":108,"column":59},"end":{"line":108,"column":76}},"32":{"start":{"line":110,"column":50},"end":{"line":110,"column":61}},"33":{"start":{"line":111,"column":48},"end":{"line":111,"column":63}},"34":{"start":{"line":112,"column":38},"end":{"line":112,"column":63}},"35":{"start":{"line":113,"column":38},"end":{"line":113,"column":70}},"36":{"start":{"line":114,"column":30},"end":{"line":114,"column":42}},"37":{"start":{"line":115,"column":42},"end":{"line":115,"column":70}},"38":{"start":{"line":116,"column":42},"end":{"line":116,"column":57}},"39":{"start":{"line":117,"column":44},"end":{"line":117,"column":75}},"40":{"start":{"line":118,"column":46},"end":{"line":118,"column":57}},"41":{"start":{"line":119,"column":46},"end":{"line":119,"column":57}},"42":{"start":{"line":120,"column":46},"end":{"line":120,"column":57}},"43":{"start":{"line":121,"column":42},"end":{"line":121,"column":57}},"44":{"start":{"line":122,"column":44},"end":{"line":122,"column":55}},"45":{"start":{"line":123,"column":36},"end":{"line":123,"column":65}},"46":{"start":{"line":124,"column":58},"end":{"line":124,"column":73}},"47":{"start":{"line":126,"column":56},"end":{"line":127,"column":null}},"48":{"start":{"line":133,"column":2},"end":{"line":139,"column":55}},"49":{"start":{"line":134,"column":4},"end":{"line":138,"column":5}},"50":{"start":{"line":135,"column":6},"end":{"line":135,"column":28}},"51":{"start":{"line":137,"column":6},"end":{"line":137,"column":29}},"52":{"start":{"line":141,"column":31},"end":{"line":149,"column":3}},"53":{"start":{"line":142,"column":4},"end":{"line":148,"column":6}},"54":{"start":{"line":143,"column":6},"end":{"line":146,"column":null}},"55":{"start":{"line":144,"column":8},"end":{"line":146,"column":16}},"56":{"start":{"line":151,"column":51},"end":{"line":170,"column":3}},"57":{"start":{"line":154,"column":38},"end":{"line":154,"column":40}},"58":{"start":{"line":156,"column":4},"end":{"line":167,"column":5}},"59":{"start":{"line":157,"column":6},"end":{"line":157,"column":38}},"60":{"start":{"line":157,"column":29},"end":{"line":157,"column":38}},"61":{"start":{"line":158,"column":23},"end":{"line":161,"column":null}},"62":{"start":{"line":160,"column":10},"end":{"line":161,"column":61}},"63":{"start":{"line":164,"column":6},"end":{"line":166,"column":7}},"64":{"start":{"line":165,"column":8},"end":{"line":165,"column":49}},"65":{"start":{"line":169,"column":4},"end":{"line":169,"column":37}},"66":{"start":{"line":172,"column":62},"end":{"line":175,"column":null}},"67":{"start":{"line":178,"column":27},"end":{"line":186,"column":3}},"68":{"start":{"line":179,"column":4},"end":{"line":179,"column":24}},"69":{"start":{"line":180,"column":19},"end":{"line":183,"column":7}},"70":{"start":{"line":180,"column":49},"end":{"line":183,"column":6}},"71":{"start":{"line":185,"column":4},"end":{"line":185,"column":26}},"72":{"start":{"line":189,"column":30},"end":{"line":213,"column":3}},"73":{"start":{"line":190,"column":19},"end":{"line":190,"column":32}},"74":{"start":{"line":193,"column":4},"end":{"line":202,"column":5}},"75":{"start":{"line":194,"column":6},"end":{"line":194,"column":26}},"76":{"start":{"line":196,"column":28},"end":{"line":198,"column":44}},"77":{"start":{"line":197,"column":23},"end":{"line":197,"column":38}},"78":{"start":{"line":198,"column":27},"end":{"line":198,"column":43}},"79":{"start":{"line":200,"column":26},"end":{"line":200,"column":74}},"80":{"start":{"line":201,"column":6},"end":{"line":201,"column":46}},"81":{"start":{"line":204,"column":4},"end":{"line":204,"column":40}},"82":{"start":{"line":205,"column":4},"end":{"line":205,"column":29}},"83":{"start":{"line":206,"column":4},"end":{"line":206,"column":34}},"84":{"start":{"line":208,"column":4},"end":{"line":210,"column":13}},"85":{"start":{"line":209,"column":6},"end":{"line":209,"column":37}},"86":{"start":{"line":212,"column":4},"end":{"line":212,"column":22}},"87":{"start":{"line":215,"column":2},"end":{"line":224,"column":23}},"88":{"start":{"line":216,"column":32},"end":{"line":218,"column":5}},"89":{"start":{"line":217,"column":6},"end":{"line":217,"column":28}},"90":{"start":{"line":220,"column":4},"end":{"line":220,"column":61}},"91":{"start":{"line":221,"column":4},"end":{"line":223,"column":6}},"92":{"start":{"line":222,"column":6},"end":{"line":222,"column":66}},"93":{"start":{"line":226,"column":33},"end":{"line":232,"column":3}},"94":{"start":{"line":227,"column":4},"end":{"line":231,"column":5}},"95":{"start":{"line":228,"column":6},"end":{"line":228,"column":28}},"96":{"start":{"line":230,"column":6},"end":{"line":230,"column":29}},"97":{"start":{"line":234,"column":27},"end":{"line":277,"column":3}},"98":{"start":{"line":235,"column":22},"end":{"line":236,"column":null}},"99":{"start":{"line":236,"column":16},"end":{"line":236,"column":52}},"100":{"start":{"line":238,"column":21},"end":{"line":238,"column":74}},"101":{"start":{"line":238,"column":47},"end":{"line":238,"column":73}},"102":{"start":{"line":240,"column":4},"end":{"line":276,"column":5}},"103":{"start":{"line":251,"column":6},"end":{"line":251,"column":61}},"104":{"start":{"line":252,"column":6},"end":{"line":252,"column":39}},"105":{"start":{"line":253,"column":6},"end":{"line":253,"column":44}},"106":{"start":{"line":254,"column":6},"end":{"line":261,"column":7}},"107":{"start":{"line":258,"column":8},"end":{"line":258,"column":66}},"108":{"start":{"line":259,"column":8},"end":{"line":259,"column":72}},"109":{"start":{"line":260,"column":8},"end":{"line":260,"column":46}},"110":{"start":{"line":264,"column":6},"end":{"line":272,"column":8}},"111":{"start":{"line":265,"column":8},"end":{"line":270,"column":null}},"112":{"start":{"line":266,"column":10},"end":{"line":270,"column":15}},"113":{"start":{"line":273,"column":6},"end":{"line":273,"column":18}},"114":{"start":{"line":275,"column":6},"end":{"line":275,"column":19}},"115":{"start":{"line":279,"column":23},"end":{"line":287,"column":3}},"116":{"start":{"line":280,"column":4},"end":{"line":280,"column":34}},"117":{"start":{"line":282,"column":4},"end":{"line":286,"column":5}},"118":{"start":{"line":283,"column":6},"end":{"line":283,"column":25}},"119":{"start":{"line":284,"column":6},"end":{"line":284,"column":37}},"120":{"start":{"line":285,"column":6},"end":{"line":285,"column":27}},"121":{"start":{"line":289,"column":30},"end":{"line":309,"column":3}},"122":{"start":{"line":290,"column":4},"end":{"line":308,"column":5}},"123":{"start":{"line":296,"column":22},"end":{"line":296,"column":43}},"124":{"start":{"line":297,"column":6},"end":{"line":304,"column":7}},"125":{"start":{"line":298,"column":8},"end":{"line":298,"column":30}},"126":{"start":{"line":299,"column":8},"end":{"line":299,"column":38}},"127":{"start":{"line":301,"column":8},"end":{"line":303,"column":17}},"128":{"start":{"line":302,"column":10},"end":{"line":302,"column":41}},"129":{"start":{"line":306,"column":6},"end":{"line":306,"column":44}},"130":{"start":{"line":306,"column":34},"end":{"line":306,"column":42}},"131":{"start":{"line":311,"column":24},"end":{"line":325,"column":3}},"132":{"start":{"line":312,"column":4},"end":{"line":312,"column":25}},"133":{"start":{"line":313,"column":4},"end":{"line":313,"column":25}},"134":{"start":{"line":314,"column":4},"end":{"line":314,"column":25}},"135":{"start":{"line":316,"column":4},"end":{"line":316,"column":27}},"136":{"start":{"line":317,"column":4},"end":{"line":317,"column":26}},"137":{"start":{"line":318,"column":4},"end":{"line":318,"column":27}},"138":{"start":{"line":319,"column":4},"end":{"line":319,"column":35}},"139":{"start":{"line":320,"column":4},"end":{"line":320,"column":29}},"140":{"start":{"line":324,"column":4},"end":{"line":324,"column":72}},"141":{"start":{"line":324,"column":34},"end":{"line":324,"column":70}},"142":{"start":{"line":328,"column":50},"end":{"line":346,"column":4}},"143":{"start":{"line":348,"column":58},"end":{"line":360,"column":4}},"144":{"start":{"line":362,"column":2},"end":{"line":475,"column":4}},"145":{"start":{"line":367,"column":10},"end":{"line":368,"column":null}},"146":{"start":{"line":441,"column":12},"end":{"line":442,"column":null}},"147":{"start":{"line":477,"column":0},"end":{"line":477,"column":28}}},"fnMap":{"0":{"name":"(anonymous_1)","decl":{"start":{"line":95,"column":47},"end":{"line":95,"column":48}},"loc":{"start":{"line":95,"column":61},"end":{"line":98,"column":2}}},"1":{"name":"(anonymous_2)","decl":{"start":{"line":100,"column":21},"end":{"line":100,"column":24}},"loc":{"start":{"line":100,"column":26},"end":{"line":476,"column":1}}},"2":{"name":"(anonymous_3)","decl":{"start":{"line":133,"column":12},"end":{"line":133,"column":15}},"loc":{"start":{"line":133,"column":17},"end":{"line":139,"column":3}}},"3":{"name":"(anonymous_4)","decl":{"start":{"line":141,"column":31},"end":{"line":141,"column":32}},"loc":{"start":{"line":141,"column":65},"end":{"line":149,"column":3}}},"4":{"name":"(anonymous_5)","decl":{"start":{"line":142,"column":18},"end":{"line":142,"column":19}},"loc":{"start":{"line":143,"column":6},"end":{"line":146,"column":null}}},"5":{"name":"(anonymous_6)","decl":{"start":{"line":143,"column":20},"end":{"line":143,"column":21}},"loc":{"start":{"line":144,"column":8},"end":{"line":146,"column":16}}},"6":{"name":"(anonymous_7)","decl":{"start":{"line":151,"column":51},"end":{"line":151,"column":null}},"loc":{"start":{"line":153,"column":6},"end":{"line":170,"column":3}}},"7":{"name":"(anonymous_8)","decl":{"start":{"line":159,"column":8},"end":{"line":159,"column":9}},"loc":{"start":{"line":160,"column":10},"end":{"line":161,"column":61}}},"8":{"name":"(anonymous_9)","decl":{"start":{"line":178,"column":27},"end":{"line":178,"column":28}},"loc":{"start":{"line":178,"column":47},"end":{"line":186,"column":3}}},"9":{"name":"(anonymous_10)","decl":{"start":{"line":180,"column":35},"end":{"line":180,"column":36}},"loc":{"start":{"line":180,"column":49},"end":{"line":183,"column":6}}},"10":{"name":"(anonymous_11)","decl":{"start":{"line":189,"column":30},"end":{"line":189,"column":33}},"loc":{"start":{"line":189,"column":35},"end":{"line":213,"column":3}}},"11":{"name":"(anonymous_12)","decl":{"start":{"line":197,"column":13},"end":{"line":197,"column":14}},"loc":{"start":{"line":197,"column":23},"end":{"line":197,"column":38}}},"12":{"name":"(anonymous_13)","decl":{"start":{"line":198,"column":16},"end":{"line":198,"column":17}},"loc":{"start":{"line":198,"column":27},"end":{"line":198,"column":43}}},"13":{"name":"(anonymous_14)","decl":{"start":{"line":208,"column":15},"end":{"line":208,"column":18}},"loc":{"start":{"line":208,"column":20},"end":{"line":210,"column":5}}},"14":{"name":"(anonymous_15)","decl":{"start":{"line":215,"column":12},"end":{"line":215,"column":15}},"loc":{"start":{"line":215,"column":17},"end":{"line":224,"column":3}}},"15":{"name":"(anonymous_16)","decl":{"start":{"line":216,"column":32},"end":{"line":216,"column":35}},"loc":{"start":{"line":216,"column":37},"end":{"line":218,"column":5}}},"16":{"name":"(anonymous_17)","decl":{"start":{"line":221,"column":11},"end":{"line":221,"column":14}},"loc":{"start":{"line":221,"column":16},"end":{"line":223,"column":5}}},"17":{"name":"(anonymous_18)","decl":{"start":{"line":226,"column":33},"end":{"line":226,"column":34}},"loc":{"start":{"line":226,"column":53},"end":{"line":232,"column":3}}},"18":{"name":"(anonymous_19)","decl":{"start":{"line":234,"column":27},"end":{"line":234,"column":28}},"loc":{"start":{"line":234,"column":44},"end":{"line":277,"column":3}}},"19":{"name":"(anonymous_20)","decl":{"start":{"line":236,"column":6},"end":{"line":236,"column":7}},"loc":{"start":{"line":236,"column":16},"end":{"line":236,"column":52}}},"20":{"name":"(anonymous_21)","decl":{"start":{"line":238,"column":37},"end":{"line":238,"column":38}},"loc":{"start":{"line":238,"column":47},"end":{"line":238,"column":73}}},"21":{"name":"(anonymous_22)","decl":{"start":{"line":264,"column":20},"end":{"line":264,"column":21}},"loc":{"start":{"line":265,"column":8},"end":{"line":270,"column":null}}},"22":{"name":"(anonymous_23)","decl":{"start":{"line":265,"column":23},"end":{"line":265,"column":24}},"loc":{"start":{"line":266,"column":10},"end":{"line":270,"column":15}}},"23":{"name":"(anonymous_24)","decl":{"start":{"line":279,"column":23},"end":{"line":279,"column":24}},"loc":{"start":{"line":279,"column":67},"end":{"line":287,"column":3}}},"24":{"name":"(anonymous_25)","decl":{"start":{"line":289,"column":30},"end":{"line":289,"column":33}},"loc":{"start":{"line":289,"column":35},"end":{"line":309,"column":3}}},"25":{"name":"(anonymous_26)","decl":{"start":{"line":301,"column":19},"end":{"line":301,"column":22}},"loc":{"start":{"line":301,"column":24},"end":{"line":303,"column":9}}},"26":{"name":"(anonymous_27)","decl":{"start":{"line":306,"column":24},"end":{"line":306,"column":25}},"loc":{"start":{"line":306,"column":34},"end":{"line":306,"column":42}}},"27":{"name":"(anonymous_28)","decl":{"start":{"line":311,"column":24},"end":{"line":311,"column":27}},"loc":{"start":{"line":311,"column":29},"end":{"line":325,"column":3}}},"28":{"name":"(anonymous_29)","decl":{"start":{"line":324,"column":21},"end":{"line":324,"column":22}},"loc":{"start":{"line":324,"column":34},"end":{"line":324,"column":70}}},"29":{"name":"(anonymous_30)","decl":{"start":{"line":366,"column":21},"end":{"line":366,"column":22}},"loc":{"start":{"line":367,"column":10},"end":{"line":368,"column":null}}},"30":{"name":"(anonymous_31)","decl":{"start":{"line":440,"column":26},"end":{"line":440,"column":27}},"loc":{"start":{"line":441,"column":12},"end":{"line":442,"column":null}}}},"branchMap":{"0":{"loc":{"start":{"line":106,"column":35},"end":{"line":106,"column":46}},"type":"binary-expr","locations":[{"start":{"line":106,"column":35},"end":{"line":106,"column":40}},{"start":{"line":106,"column":44},"end":{"line":106,"column":46}}]},"1":{"loc":{"start":{"line":108,"column":59},"end":{"line":108,"column":76}},"type":"binary-expr","locations":[{"start":{"line":108,"column":59},"end":{"line":108,"column":70}},{"start":{"line":108,"column":74},"end":{"line":108,"column":76}}]},"2":{"loc":{"start":{"line":134,"column":4},"end":{"line":138,"column":5}},"type":"if","locations":[{"start":{"line":134,"column":4},"end":{"line":138,"column":5}},{"start":{"line":136,"column":11},"end":{"line":138,"column":5}}]},"3":{"loc":{"start":{"line":134,"column":8},"end":{"line":134,"column":71}},"type":"binary-expr","locations":[{"start":{"line":134,"column":8},"end":{"line":134,"column":26}},{"start":{"line":134,"column":30},"end":{"line":134,"column":49}},{"start":{"line":134,"column":53},"end":{"line":134,"column":71}}]},"4":{"loc":{"start":{"line":144,"column":8},"end":{"line":146,"column":16}},"type":"cond-expr","locations":[{"start":{"line":145,"column":12},"end":{"line":145,"column":64}},{"start":{"line":146,"column":12},"end":{"line":146,"column":16}}]},"5":{"loc":{"start":{"line":157,"column":6},"end":{"line":157,"column":38}},"type":"if","locations":[{"start":{"line":157,"column":6},"end":{"line":157,"column":38}}]},"6":{"loc":{"start":{"line":160,"column":10},"end":{"line":161,"column":61}},"type":"binary-expr","locations":[{"start":{"line":160,"column":10},"end":{"line":160,"column":61}},{"start":{"line":161,"column":10},"end":{"line":161,"column":61}}]},"7":{"loc":{"start":{"line":164,"column":6},"end":{"line":166,"column":7}},"type":"if","locations":[{"start":{"line":164,"column":6},"end":{"line":166,"column":7}}]},"8":{"loc":{"start":{"line":193,"column":4},"end":{"line":202,"column":5}},"type":"if","locations":[{"start":{"line":193,"column":4},"end":{"line":202,"column":5}},{"start":{"line":195,"column":11},"end":{"line":202,"column":5}}]},"9":{"loc":{"start":{"line":227,"column":4},"end":{"line":231,"column":5}},"type":"if","locations":[{"start":{"line":227,"column":4},"end":{"line":231,"column":5}},{"start":{"line":229,"column":11},"end":{"line":231,"column":5}}]},"10":{"loc":{"start":{"line":240,"column":4},"end":{"line":276,"column":5}},"type":"if","locations":[{"start":{"line":240,"column":4},"end":{"line":276,"column":5}},{"start":{"line":274,"column":11},"end":{"line":276,"column":5}}]},"11":{"loc":{"start":{"line":241,"column":6},"end":{"line":248,"column":25}},"type":"binary-expr","locations":[{"start":{"line":241,"column":6},"end":{"line":241,"column":29}},{"start":{"line":242,"column":6},"end":{"line":242,"column":15}},{"start":{"line":243,"column":6},"end":{"line":243,"column":14}},{"start":{"line":244,"column":6},"end":{"line":244,"column":54}},{"start":{"line":245,"column":6},"end":{"line":245,"column":28}},{"start":{"line":246,"column":6},"end":{"line":246,"column":25}},{"start":{"line":247,"column":6},"end":{"line":247,"column":25}},{"start":{"line":248,"column":6},"end":{"line":248,"column":25}}]},"12":{"loc":{"start":{"line":254,"column":6},"end":{"line":261,"column":7}},"type":"if","locations":[{"start":{"line":254,"column":6},"end":{"line":261,"column":7}}]},"13":{"loc":{"start":{"line":255,"column":8},"end":{"line":256,"column":56}},"type":"binary-expr","locations":[{"start":{"line":255,"column":8},"end":{"line":255,"column":38}},{"start":{"line":256,"column":8},"end":{"line":256,"column":56}}]},"14":{"loc":{"start":{"line":266,"column":10},"end":{"line":270,"column":15}},"type":"cond-expr","locations":[{"start":{"line":269,"column":14},"end":{"line":269,"column":53}},{"start":{"line":270,"column":14},"end":{"line":270,"column":15}}]},"15":{"loc":{"start":{"line":266,"column":10},"end":{"line":268,"column":45}},"type":"binary-expr","locations":[{"start":{"line":266,"column":10},"end":{"line":266,"column":33}},{"start":{"line":267,"column":10},"end":{"line":267,"column":45}},{"start":{"line":268,"column":10},"end":{"line":268,"column":45}}]},"16":{"loc":{"start":{"line":282,"column":4},"end":{"line":286,"column":5}},"type":"if","locations":[{"start":{"line":282,"column":4},"end":{"line":286,"column":5}}]},"17":{"loc":{"start":{"line":290,"column":4},"end":{"line":308,"column":5}},"type":"if","locations":[{"start":{"line":290,"column":4},"end":{"line":308,"column":5}}]},"18":{"loc":{"start":{"line":291,"column":6},"end":{"line":294,"column":26}},"type":"binary-expr","locations":[{"start":{"line":291,"column":6},"end":{"line":291,"column":29}},{"start":{"line":292,"column":6},"end":{"line":292,"column":24}},{"start":{"line":293,"column":6},"end":{"line":293,"column":26}},{"start":{"line":294,"column":6},"end":{"line":294,"column":26}}]},"19":{"loc":{"start":{"line":297,"column":6},"end":{"line":304,"column":7}},"type":"if","locations":[{"start":{"line":297,"column":6},"end":{"line":304,"column":7}}]},"20":{"loc":{"start":{"line":344,"column":13},"end":{"line":344,"column":44}},"type":"cond-expr","locations":[{"start":{"line":344,"column":28},"end":{"line":344,"column":35}},{"start":{"line":344,"column":38},"end":{"line":344,"column":44}}]},"21":{"loc":{"start":{"line":390,"column":7},"end":{"line":393,"column":null}},"type":"binary-expr","locations":[{"start":{"line":390,"column":7},"end":{"line":390,"column":19}},{"start":{"line":391,"column":8},"end":{"line":391,"column":null}}]},"22":{"loc":{"start":{"line":396,"column":7},"end":{"line":399,"column":null}},"type":"binary-expr","locations":[{"start":{"line":396,"column":7},"end":{"line":396,"column":27}},{"start":{"line":396,"column":31},"end":{"line":396,"column":40}},{"start":{"line":397,"column":8},"end":{"line":398,"column":null}}]},"23":{"loc":{"start":{"line":427,"column":9},"end":{"line":435,"column":null}},"type":"binary-expr","locations":[{"start":{"line":427,"column":9},"end":{"line":427,"column":25}},{"start":{"line":428,"column":10},"end":{"line":434,"column":null}}]}},"s":{"0":1,"1":1,"2":1,"3":1,"4":1,"5":1,"6":1,"7":1,"8":1,"9":1,"10":1,"11":1,"12":1,"13":1,"14":1,"15":1,"16":1,"17":1,"18":1,"19":1,"20":1,"21":1,"22":1,"23":1,"24":9,"25":1,"26":19,"27":19,"28":19,"29":19,"30":19,"31":19,"32":19,"33":18,"34":18,"35":18,"36":18,"37":18,"38":18,"39":18,"40":18,"41":18,"42":18,"43":18,"44":18,"45":18,"46":18,"47":18,"48":0,"49":0,"50":0,"51":0,"52":0,"53":0,"54":0,"55":0,"56":0,"57":0,"58":0,"59":0,"60":0,"61":0,"62":0,"63":0,"64":0,"65":0,"66":0,"67":0,"68":0,"69":0,"70":0,"71":0,"72":0,"73":0,"74":0,"75":0,"76":0,"77":0,"78":0,"79":0,"80":0,"81":0,"82":0,"83":0,"84":0,"85":0,"86":0,"87":0,"88":0,"89":0,"90":0,"91":0,"92":0,"93":0,"94":0,"95":0,"96":0,"97":0,"98":0,"99":0,"100":0,"101":0,"102":0,"103":0,"104":0,"105":0,"106":0,"107":0,"108":0,"109":0,"110":0,"111":0,"112":0,"113":0,"114":0,"115":0,"116":0,"117":0,"118":0,"119":0,"120":0,"121":0,"122":0,"123":0,"124":0,"125":0,"126":0,"127":0,"128":0,"129":0,"130":0,"131":0,"132":0,"133":0,"134":0,"135":0,"136":0,"137":0,"138":0,"139":0,"140":0,"141":0,"142":0,"143":0,"144":0,"145":0,"146":0,"147":1},"f":{"0":9,"1":19,"2":0,"3":0,"4":0,"5":0,"6":0,"7":0,"8":0,"9":0,"10":0,"11":0,"12":0,"13":0,"14":0,"15":0,"16":0,"17":0,"18":0,"19":0,"20":0,"21":0,"22":0,"23":0,"24":0,"25":0,"26":0,"27":0,"28":0,"29":0,"30":0},"b":{"0":[19,0],"1":[19,0],"2":[0,0],"3":[0,0,0],"4":[0,0],"5":[0],"6":[0,0],"7":[0],"8":[0,0],"9":[0,0],"10":[0,0],"11":[0,0,0,0,0,0,0,0],"12":[0],"13":[0,0],"14":[0,0],"15":[0,0,0],"16":[0],"17":[0],"18":[0,0,0,0],"19":[0],"20":[0,0],"21":[0,0],"22":[0,0,0],"23":[0,0]}}
,"/Users/riddhimunjewar/Documents/GitHub/tickettoride/choochoo/src/main_game_page/components/PlayerActions/ActionBox.tsx": {"path":"/Users/riddhimunjewar/Documents/GitHub/tickettoride/choochoo/src/main_game_page/components/PlayerActions/ActionBox.tsx","statementMap":{"0":{"start":{"line":1,"column":0},"end":{"line":1,"column":44}},"1":{"start":{"line":2,"column":0},"end":{"line":2,"column":46}},"2":{"start":{"line":3,"column":0},"end":{"line":3,"column":25}},"3":{"start":{"line":50,"column":30},"end":{"line":50,"column":45}},"4":{"start":{"line":51,"column":42},"end":{"line":51,"column":56}},"5":{"start":{"line":53,"column":2},"end":{"line":57,"column":5}},"6":{"start":{"line":54,"column":4},"end":{"line":56,"column":5}},"7":{"start":{"line":55,"column":6},"end":{"line":55,"column":29}},"8":{"start":{"line":59,"column":2},"end":{"line":77,"column":45}},"9":{"start":{"line":60,"column":4},"end":{"line":76,"column":5}},"10":{"start":{"line":61,"column":6},"end":{"line":61,"column":23}},"11":{"start":{"line":62,"column":11},"end":{"line":76,"column":5}},"12":{"start":{"line":63,"column":6},"end":{"line":63,"column":23}},"13":{"start":{"line":64,"column":6},"end":{"line":64,"column":25}},"14":{"start":{"line":65,"column":11},"end":{"line":76,"column":5}},"15":{"start":{"line":66,"column":6},"end":{"line":66,"column":22}},"16":{"start":{"line":67,"column":6},"end":{"line":67,"column":25}},"17":{"start":{"line":68,"column":11},"end":{"line":76,"column":5}},"18":{"start":{"line":69,"column":6},"end":{"line":69,"column":23}},"19":{"start":{"line":70,"column":6},"end":{"line":70,"column":25}},"20":{"start":{"line":71,"column":11},"end":{"line":76,"column":5}},"21":{"start":{"line":72,"column":6},"end":{"line":72,"column":22}},"22":{"start":{"line":73,"column":11},"end":{"line":76,"column":5}},"23":{"start":{"line":74,"column":6},"end":{"line":74,"column":22}},"24":{"start":{"line":75,"column":6},"end":{"line":75,"column":27}},"25":{"start":{"line":79,"column":23},"end":{"line":86,"column":3}},"26":{"start":{"line":80,"column":4},"end":{"line":84,"column":5}},"27":{"start":{"line":81,"column":6},"end":{"line":81,"column":28}},"28":{"start":{"line":82,"column":11},"end":{"line":84,"column":5}},"29":{"start":{"line":83,"column":6},"end":{"line":83,"column":26}},"30":{"start":{"line":85,"column":4},"end":{"line":85,"column":20}},"31":{"start":{"line":88,"column":2},"end":{"line":126,"column":4}},"32":{"start":{"line":134,"column":2},"end":{"line":140,"column":4}},"33":{"start":{"line":136,"column":29},"end":{"line":136,"column":44}},"34":{"start":{"line":137,"column":29},"end":{"line":137,"column":44}},"35":{"start":{"line":138,"column":29},"end":{"line":138,"column":44}},"36":{"start":{"line":144,"column":2},"end":{"line":148,"column":4}},"37":{"start":{"line":177,"column":22},"end":{"line":188,"column":3}},"38":{"start":{"line":178,"column":4},"end":{"line":187,"column":5}},"39":{"start":{"line":179,"column":6},"end":{"line":179,"column":28}},"40":{"start":{"line":181,"column":6},"end":{"line":181,"column":44}},"41":{"start":{"line":182,"column":6},"end":{"line":182,"column":55}},"42":{"start":{"line":184,"column":6},"end":{"line":186,"column":8}},"43":{"start":{"line":190,"column":2},"end":{"line":194,"column":4}},"44":{"start":{"line":198,"column":2},"end":{"line":204,"column":4}},"45":{"start":{"line":207,"column":0},"end":{"line":207,"column":25}}},"fnMap":{"0":{"name":"ActionBox","decl":{"start":{"line":8,"column":9},"end":{"line":8,"column":18}},"loc":{"start":{"line":49,"column":1},"end":{"line":127,"column":1}}},"1":{"name":"(anonymous_2)","decl":{"start":{"line":53,"column":12},"end":{"line":53,"column":15}},"loc":{"start":{"line":53,"column":17},"end":{"line":57,"column":3}}},"2":{"name":"(anonymous_3)","decl":{"start":{"line":59,"column":12},"end":{"line":59,"column":15}},"loc":{"start":{"line":59,"column":17},"end":{"line":77,"column":3}}},"3":{"name":"(anonymous_4)","decl":{"start":{"line":79,"column":23},"end":{"line":79,"column":26}},"loc":{"start":{"line":79,"column":28},"end":{"line":86,"column":3}}},"4":{"name":"HomeBox","decl":{"start":{"line":129,"column":9},"end":{"line":129,"column":16}},"loc":{"start":{"line":133,"column":1},"end":{"line":141,"column":1}}},"5":{"name":"(anonymous_6)","decl":{"start":{"line":136,"column":23},"end":{"line":136,"column":26}},"loc":{"start":{"line":136,"column":29},"end":{"line":136,"column":44}}},"6":{"name":"(anonymous_7)","decl":{"start":{"line":137,"column":23},"end":{"line":137,"column":26}},"loc":{"start":{"line":137,"column":29},"end":{"line":137,"column":44}}},"7":{"name":"(anonymous_8)","decl":{"start":{"line":138,"column":23},"end":{"line":138,"column":26}},"loc":{"start":{"line":138,"column":29},"end":{"line":138,"column":44}}},"8":{"name":"PlayTrains","decl":{"start":{"line":143,"column":9},"end":{"line":143,"column":19}},"loc":{"start":{"line":143,"column":19},"end":{"line":149,"column":1}}},"9":{"name":"Submit","decl":{"start":{"line":151,"column":9},"end":{"line":151,"column":15}},"loc":{"start":{"line":176,"column":1},"end":{"line":195,"column":1}}},"10":{"name":"(anonymous_11)","decl":{"start":{"line":177,"column":22},"end":{"line":177,"column":25}},"loc":{"start":{"line":177,"column":27},"end":{"line":188,"column":3}}},"11":{"name":"TurnOver","decl":{"start":{"line":197,"column":9},"end":{"line":197,"column":17}},"loc":{"start":{"line":197,"column":17},"end":{"line":205,"column":1}}}},"branchMap":{"0":{"loc":{"start":{"line":54,"column":4},"end":{"line":56,"column":5}},"type":"if","locations":[{"start":{"line":54,"column":4},"end":{"line":56,"column":5}}]},"1":{"loc":{"start":{"line":54,"column":8},"end":{"line":54,"column":71}},"type":"binary-expr","locations":[{"start":{"line":54,"column":8},"end":{"line":54,"column":26}},{"start":{"line":54,"column":30},"end":{"line":54,"column":49}},{"start":{"line":54,"column":53},"end":{"line":54,"column":71}}]},"2":{"loc":{"start":{"line":60,"column":4},"end":{"line":76,"column":5}},"type":"if","locations":[{"start":{"line":60,"column":4},"end":{"line":76,"column":5}},{"start":{"line":62,"column":11},"end":{"line":76,"column":5}}]},"3":{"loc":{"start":{"line":62,"column":11},"end":{"line":76,"column":5}},"type":"if","locations":[{"start":{"line":62,"column":11},"end":{"line":76,"column":5}},{"start":{"line":65,"column":11},"end":{"line":76,"column":5}}]},"4":{"loc":{"start":{"line":62,"column":15},"end":{"line":62,"column":49}},"type":"binary-expr","locations":[{"start":{"line":62,"column":15},"end":{"line":62,"column":27}},{"start":{"line":62,"column":31},"end":{"line":62,"column":49}}]},"5":{"loc":{"start":{"line":65,"column":11},"end":{"line":76,"column":5}},"type":"if","locations":[{"start":{"line":65,"column":11},"end":{"line":76,"column":5}},{"start":{"line":68,"column":11},"end":{"line":76,"column":5}}]},"6":{"loc":{"start":{"line":68,"column":11},"end":{"line":76,"column":5}},"type":"if","locations":[{"start":{"line":68,"column":11},"end":{"line":76,"column":5}},{"start":{"line":71,"column":11},"end":{"line":76,"column":5}}]},"7":{"loc":{"start":{"line":68,"column":15},"end":{"line":68,"column":49}},"type":"binary-expr","locations":[{"start":{"line":68,"column":15},"end":{"line":68,"column":27}},{"start":{"line":68,"column":31},"end":{"line":68,"column":49}}]},"8":{"loc":{"start":{"line":71,"column":11},"end":{"line":76,"column":5}},"type":"if","locations":[{"start":{"line":71,"column":11},"end":{"line":76,"column":5}},{"start":{"line":73,"column":11},"end":{"line":76,"column":5}}]},"9":{"loc":{"start":{"line":73,"column":11},"end":{"line":76,"column":5}},"type":"if","locations":[{"start":{"line":73,"column":11},"end":{"line":76,"column":5}}]},"10":{"loc":{"start":{"line":73,"column":15},"end":{"line":73,"column":51}},"type":"binary-expr","locations":[{"start":{"line":73,"column":15},"end":{"line":73,"column":27}},{"start":{"line":73,"column":31},"end":{"line":73,"column":51}}]},"11":{"loc":{"start":{"line":80,"column":4},"end":{"line":84,"column":5}},"type":"if","locations":[{"start":{"line":80,"column":4},"end":{"line":84,"column":5}},{"start":{"line":82,"column":11},"end":{"line":84,"column":5}}]},"12":{"loc":{"start":{"line":82,"column":11},"end":{"line":84,"column":5}},"type":"if","locations":[{"start":{"line":82,"column":11},"end":{"line":84,"column":5}}]},"13":{"loc":{"start":{"line":90,"column":7},"end":{"line":95,"column":null}},"type":"cond-expr","locations":[{"start":{"line":91,"column":8},"end":{"line":92,"column":null}},{"start":{"line":95,"column":8},"end":{"line":95,"column":13}}]},"14":{"loc":{"start":{"line":90,"column":7},"end":{"line":90,"column":38}},"type":"binary-expr","locations":[{"start":{"line":90,"column":7},"end":{"line":90,"column":13}},{"start":{"line":90,"column":17},"end":{"line":90,"column":38}}]},"15":{"loc":{"start":{"line":97,"column":7},"end":{"line":123,"column":null}},"type":"cond-expr","locations":[{"start":{"line":98,"column":8},"end":{"line":98,"column":47}},{"start":{"line":99,"column":10},"end":{"line":123,"column":null}}]},"16":{"loc":{"start":{"line":97,"column":7},"end":{"line":97,"column":44}},"type":"binary-expr","locations":[{"start":{"line":97,"column":7},"end":{"line":97,"column":19}},{"start":{"line":97,"column":23},"end":{"line":97,"column":44}}]},"17":{"loc":{"start":{"line":99,"column":10},"end":{"line":123,"column":null}},"type":"cond-expr","locations":[{"start":{"line":100,"column":8},"end":{"line":106,"column":null}},{"start":{"line":108,"column":10},"end":{"line":123,"column":null}}]},"18":{"loc":{"start":{"line":99,"column":10},"end":{"line":99,"column":47}},"type":"binary-expr","locations":[{"start":{"line":99,"column":10},"end":{"line":99,"column":22}},{"start":{"line":99,"column":26},"end":{"line":99,"column":47}}]},"19":{"loc":{"start":{"line":108,"column":10},"end":{"line":123,"column":null}},"type":"cond-expr","locations":[{"start":{"line":109,"column":8},"end":{"line":109,"column":22}},{"start":{"line":110,"column":10},"end":{"line":123,"column":null}}]},"20":{"loc":{"start":{"line":108,"column":10},"end":{"line":108,"column":47}},"type":"binary-expr","locations":[{"start":{"line":108,"column":10},"end":{"line":108,"column":22}},{"start":{"line":108,"column":26},"end":{"line":108,"column":47}}]},"21":{"loc":{"start":{"line":110,"column":10},"end":{"line":123,"column":null}},"type":"cond-expr","locations":[{"start":{"line":111,"column":8},"end":{"line":120,"column":null}},{"start":{"line":123,"column":8},"end":{"line":123,"column":20}}]},"22":{"loc":{"start":{"line":110,"column":10},"end":{"line":110,"column":47}},"type":"binary-expr","locations":[{"start":{"line":110,"column":10},"end":{"line":110,"column":22}},{"start":{"line":110,"column":26},"end":{"line":110,"column":47}}]},"23":{"loc":{"start":{"line":178,"column":4},"end":{"line":187,"column":5}},"type":"if","locations":[{"start":{"line":178,"column":4},"end":{"line":187,"column":5}}]},"24":{"loc":{"start":{"line":178,"column":8},"end":{"line":178,"column":76}},"type":"binary-expr","locations":[{"start":{"line":178,"column":8},"end":{"line":178,"column":28}},{"start":{"line":178,"column":32},"end":{"line":178,"column":52}},{"start":{"line":178,"column":56},"end":{"line":178,"column":76}}]}},"s":{"0":1,"1":1,"2":1,"3":18,"4":18,"5":18,"6":18,"7":0,"8":18,"9":11,"10":4,"11":7,"12":0,"13":0,"14":7,"15":4,"16":4,"17":3,"18":0,"19":0,"20":3,"21":1,"22":2,"23":2,"24":2,"25":18,"26":1,"27":0,"28":1,"29":1,"30":1,"31":18,"32":4,"33":1,"34":1,"35":1,"36":2,"37":4,"38":1,"39":1,"40":1,"41":1,"42":1,"43":4,"44":0,"45":1},"f":{"0":18,"1":18,"2":11,"3":1,"4":4,"5":1,"6":1,"7":1,"8":2,"9":4,"10":1,"11":0},"b":{"0":[0],"1":[18,18,18],"2":[4,7],"3":[0,7],"4":[7,4],"5":[4,3],"6":[0,3],"7":[3,0],"8":[1,2],"9":[2],"10":[2,2],"11":[0,1],"12":[1],"13":[7,11],"14":[18,7],"15":[4,14],"16":[18,4],"17":[8,6],"18":[14,8],"19":[2,4],"20":[6,2],"21":[4,0],"22":[4,4],"23":[1],"24":[1,1,1]}}
,"/Users/riddhimunjewar/Documents/GitHub/tickettoride/choochoo/src/main_game_page/constants/cities.tsx": {"path":"/Users/riddhimunjewar/Documents/GitHub/tickettoride/choochoo/src/main_game_page/constants/cities.tsx","statementMap":{"0":{"start":{"line":8,"column":23},"end":{"line":25,"column":2}},"1":{"start":{"line":27,"column":0},"end":{"line":27,"column":22}}},"fnMap":{},"branchMap":{},"s":{"0":1,"1":1},"f":{},"b":{}}
,"/Users/riddhimunjewar/Documents/GitHub/tickettoride/choochoo/src/main_game_page/constants/destination_cards.tsx": {"path":"/Users/riddhimunjewar/Documents/GitHub/tickettoride/choochoo/src/main_game_page/constants/destination_cards.tsx","statementMap":{"0":{"start":{"line":8,"column":26},"end":{"line":147,"column":2}},"1":{"start":{"line":149,"column":0},"end":{"line":149,"column":33}}},"fnMap":{},"branchMap":{},"s":{"0":1,"1":1},"f":{},"b":{}}
,"/Users/riddhimunjewar/Documents/GitHub/tickettoride/choochoo/src/main_game_page/constants/routes.tsx": {"path":"/Users/riddhimunjewar/Documents/GitHub/tickettoride/choochoo/src/main_game_page/constants/routes.tsx","statementMap":{"0":{"start":{"line":1,"column":0},"end":{"line":1,"column":30}},"1":{"start":{"line":22,"column":24},"end":{"line":257,"column":2}},"2":{"start":{"line":259,"column":0},"end":{"line":259,"column":22}}},"fnMap":{},"branchMap":{},"s":{"0":1,"1":1,"2":1},"f":{},"b":{}}
,"/Users/riddhimunjewar/Documents/GitHub/tickettoride/choochoo/src/main_game_page/constants/train_cards.tsx": {"path":"/Users/riddhimunjewar/Documents/GitHub/tickettoride/choochoo/src/main_game_page/constants/train_cards.tsx","statementMap":{"0":{"start":{"line":1,"column":20},"end":{"line":11,"column":2}},"1":{"start":{"line":13,"column":0},"end":{"line":13,"column":27}}},"fnMap":{},"branchMap":{},"s":{"0":1,"1":1},"f":{},"b":{}}
}
