TN:
SF:src/imageImports.tsx
FNF:0
FNH:0
DA:2,2
DA:3,2
DA:5,2
DA:6,2
DA:7,2
DA:8,2
DA:9,2
DA:10,2
DA:11,2
DA:12,2
DA:13,2
DA:15,2
DA:16,2
DA:17,2
DA:18,2
DA:19,2
DA:20,2
DA:21,2
DA:22,2
DA:23,2
DA:24,2
DA:25,2
DA:26,2
DA:27,2
DA:28,2
DA:29,2
DA:30,2
DA:31,2
DA:32,2
DA:33,2
DA:34,2
DA:35,2
DA:36,2
DA:38,2
DA:39,2
DA:40,2
DA:41,2
DA:42,2
DA:43,2
DA:44,2
DA:45,2
DA:46,2
DA:47,2
DA:48,2
DA:49,2
DA:51,2
DA:52,2
DA:53,2
DA:54,2
DA:56,2
DA:71,2
DA:83,2
DA:108,2
DA:115,2
DA:116,2
DA:119,2
DA:120,2
DA:121,2
DA:122,2
DA:123,2
DA:124,2
DA:125,2
DA:126,2
DA:127,2
DA:130,2
DA:131,2
DA:132,2
DA:133,2
DA:134,2
DA:135,2
DA:136,2
DA:137,2
DA:138,2
DA:139,2
DA:140,2
DA:141,2
DA:142,2
DA:143,2
DA:144,2
DA:145,2
DA:146,2
DA:147,2
DA:148,2
DA:149,2
DA:150,2
DA:151,2
DA:154,2
DA:155,2
DA:156,2
DA:157,2
DA:158,2
DA:159,2
DA:160,2
DA:161,2
DA:162,2
DA:163,2
DA:164,2
DA:165,2
DA:168,2
DA:169,2
DA:170,2
DA:171,2
LF:102
LH:102
BRF:0
BRH:0
end_of_record
TN:
SF:src/backend/boardGraph.ts
FN:10,(anonymous_1)
FN:23,(anonymous_2)
FN:24,(anonymous_3)
FN:28,(anonymous_4)
FN:32,(anonymous_5)
FN:46,(anonymous_6)
FN:49,(anonymous_7)
FN:53,(anonymous_8)
FN:58,(anonymous_9)
FNF:9
FNH:2
FNDA:24,(anonymous_1)
FNDA:0,(anonymous_2)
FNDA:0,(anonymous_3)
FNDA:0,(anonymous_4)
FNDA:0,(anonymous_5)
FNDA:0,(anonymous_6)
FNDA:0,(anonymous_7)
FNDA:2,(anonymous_8)
FNDA:0,(anonymous_9)
DA:2,2
DA:3,2
DA:4,2
DA:11,24
DA:12,24
DA:16,24
DA:20,24
DA:24,0
DA:25,0
DA:29,0
DA:33,0
DA:34,0
DA:35,0
DA:36,0
DA:37,0
DA:39,0
DA:43,0
DA:47,0
DA:49,0
DA:55,2
DA:57,2
DA:58,0
DA:61,2
DA:65,2
LF:24
LH:11
BRDA:36,0,0,0
BRDA:36,0,1,0
BRDA:57,1,0,0
BRF:3
BRH:0
end_of_record
TN:
SF:src/backend/destination.ts
FN:5,(anonymous_0)
FN:11,(anonymous_1)
FNF:2
FNH:2
FNDA:48,(anonymous_0)
FNDA:174,(anonymous_1)
DA:6,48
DA:7,48
DA:8,48
DA:12,174
DA:16,3
LF:5
LH:5
BRF:0
BRH:0
end_of_record
TN:
SF:src/backend/destinationCard.ts
FN:6,(anonymous_0)
FN:12,(anonymous_1)
FN:16,(anonymous_2)
FN:20,(anonymous_3)
FN:28,(anonymous_4)
FNF:5
FNH:5
FNDA:408,(anonymous_0)
FNDA:12,(anonymous_1)
FNDA:16,(anonymous_2)
FNDA:6,(anonymous_3)
FNDA:5,(anonymous_4)
DA:7,408
DA:8,408
DA:9,408
DA:13,12
DA:17,16
DA:21,6
DA:29,5
DA:37,4
LF:8
LH:8
BRF:0
BRH:0
end_of_record
TN:
SF:src/backend/gameBoard.ts
FN:12,(anonymous_1)
FN:32,(anonymous_2)
FN:36,(anonymous_3)
FN:50,(anonymous_4)
FN:61,(anonymous_5)
FN:67,(anonymous_6)
FN:75,(anonymous_7)
FN:83,(anonymous_8)
FN:96,(anonymous_9)
FN:167,(anonymous_10)
FN:170,(anonymous_11)
FN:172,(anonymous_12)
FN:175,(anonymous_13)
FN:177,(anonymous_14)
FN:181,(anonymous_15)
FN:189,(anonymous_16)
FN:195,(anonymous_17)
FN:203,(anonymous_18)
FN:209,(anonymous_19)
FNF:19
FNH:18
FNDA:16,(anonymous_1)
FNDA:3,(anonymous_2)
FNDA:22,(anonymous_3)
FNDA:2,(anonymous_4)
FNDA:1,(anonymous_5)
FNDA:2,(anonymous_6)
FNDA:1,(anonymous_7)
FNDA:0,(anonymous_8)
FNDA:1,(anonymous_9)
FNDA:2,(anonymous_10)
FNDA:3,(anonymous_11)
FNDA:3,(anonymous_12)
FNDA:2,(anonymous_13)
FNDA:2,(anonymous_14)
FNDA:2,(anonymous_15)
FNDA:3,(anonymous_16)
FNDA:2,(anonymous_17)
FNDA:2,(anonymous_18)
FNDA:2,(anonymous_19)
DA:1,1
DA:2,1
DA:3,1
DA:13,16
DA:14,16
DA:15,16
DA:16,16
DA:17,16
DA:18,16
DA:23,22
DA:24,1745
DA:25,1745
DA:33,3
DA:37,22
DA:38,22
DA:39,90
DA:40,6
DA:42,90
DA:43,90
DA:44,87
DA:47,22
DA:51,2
DA:52,2
DA:53,3
DA:54,3
DA:55,1
DA:58,2
DA:62,1
DA:63,1
DA:68,2
DA:69,2
DA:71,2
DA:76,1
DA:77,1
DA:78,2
DA:80,1
DA:84,0
DA:89,6
DA:92,6
DA:93,6
DA:97,1
DA:98,2
DA:108,16
DA:118,16
DA:120,16
DA:121,128
DA:122,1536
DA:125,16
DA:126,16
DA:127,224
DA:129,16
DA:135,16
DA:163,16
DA:164,16
DA:168,2
DA:170,3
DA:172,3
DA:175,2
DA:177,2
DA:182,2
DA:184,2
DA:187,2
DA:189,3
DA:193,2
DA:196,2
DA:201,2
DA:203,2
DA:207,2
DA:209,2
DA:213,2
DA:217,1
LF:71
LH:70
BRDA:39,0,0,6
BRDA:43,1,0,87
BRDA:54,2,0,1
BRDA:169,3,0,2
BRDA:169,3,1,0
BRDA:170,4,0,3
BRDA:170,4,1,0
BRDA:172,5,0,3
BRDA:172,5,1,0
BRDA:175,6,0,2
BRDA:175,6,1,0
BRDA:177,7,0,2
BRDA:177,7,1,0
BRDA:185,8,0,2
BRDA:185,8,1,0
BRDA:187,9,0,2
BRDA:187,9,1,0
BRDA:189,10,0,3
BRDA:189,10,1,0
BRDA:193,11,0,2
BRDA:193,11,1,0
BRDA:196,12,0,2
BRDA:196,12,1,0
BRDA:201,13,0,2
BRDA:201,13,1,0
BRDA:203,14,0,2
BRDA:203,14,1,0
BRDA:207,15,0,2
BRDA:207,15,1,0
BRDA:209,16,0,2
BRDA:209,16,1,0
BRF:31
BRH:17
end_of_record
TN:
SF:src/backend/gameRunner.ts
FN:23,(anonymous_1)
FN:86,(anonymous_2)
FN:92,(anonymous_3)
FN:99,(anonymous_4)
FN:116,(anonymous_5)
FN:125,(anonymous_6)
FN:130,(anonymous_7)
FN:138,(anonymous_8)
FN:140,(anonymous_9)
FN:155,(anonymous_10)
FN:167,(anonymous_11)
FN:173,(anonymous_12)
FN:179,(anonymous_13)
FN:180,(anonymous_14)
FN:194,(anonymous_15)
FN:204,(anonymous_16)
FN:209,(anonymous_17)
FN:216,(anonymous_18)
FN:217,(anonymous_19)
FN:223,(anonymous_20)
FN:229,(anonymous_21)
FN:236,(anonymous_22)
FN:241,(anonymous_23)
FN:263,(anonymous_24)
FN:266,(anonymous_25)
FN:271,(anonymous_26)
FN:276,(anonymous_27)
FN:284,(anonymous_28)
FN:292,(anonymous_29)
FN:299,(anonymous_30)
FN:306,(anonymous_31)
FN:310,(anonymous_32)
FN:313,(anonymous_33)
FNF:33
FNH:27
FNDA:11,(anonymous_1)
FNDA:1,(anonymous_2)
FNDA:1,(anonymous_3)
FNDA:3,(anonymous_4)
FNDA:2,(anonymous_5)
FNDA:1,(anonymous_6)
FNDA:1,(anonymous_7)
FNDA:3,(anonymous_8)
FNDA:5,(anonymous_9)
FNDA:2,(anonymous_10)
FNDA:1,(anonymous_11)
FNDA:1,(anonymous_12)
FNDA:1,(anonymous_13)
FNDA:1,(anonymous_14)
FNDA:9,(anonymous_15)
FNDA:1,(anonymous_16)
FNDA:1,(anonymous_17)
FNDA:1,(anonymous_18)
FNDA:2,(anonymous_19)
FNDA:1,(anonymous_20)
FNDA:2,(anonymous_21)
FNDA:0,(anonymous_22)
FNDA:0,(anonymous_23)
FNDA:1,(anonymous_24)
FNDA:2,(anonymous_25)
FNDA:1,(anonymous_26)
FNDA:1,(anonymous_27)
FNDA:2,(anonymous_28)
FNDA:1,(anonymous_29)
FNDA:0,(anonymous_30)
FNDA:0,(anonymous_31)
FNDA:0,(anonymous_32)
FNDA:0,(anonymous_33)
DA:1,1
DA:2,1
DA:4,1
DA:5,1
DA:6,1
DA:7,1
DA:8,1
DA:9,1
DA:10,1
DA:12,1
DA:24,11
DA:25,11
DA:26,11
DA:27,11
DA:28,22
DA:36,11
DA:37,11
DA:38,11
DA:87,1
DA:88,1
DA:93,1
DA:94,1
DA:100,3
DA:101,3
DA:102,3
DA:103,0
DA:104,0
DA:106,3
DA:107,2
DA:108,2
DA:109,2
DA:110,2
DA:111,2
DA:113,1
DA:117,2
DA:118,1
DA:119,1
DA:122,1
DA:126,1
DA:127,1
DA:132,1
DA:133,2
DA:137,1
DA:139,3
DA:141,5
DA:147,1
DA:150,1
DA:156,2
DA:157,1
DA:159,1
DA:168,1
DA:174,1
DA:180,1
DA:181,1
DA:182,1
DA:183,1
DA:194,9
DA:195,1
DA:196,1
DA:199,0
DA:205,1
DA:210,1
DA:217,2
DA:218,1
DA:224,1
DA:230,2
DA:237,0
DA:242,0
DA:264,1
DA:266,2
DA:271,1
DA:277,1
DA:279,1
DA:280,1
DA:281,1
DA:283,1
DA:284,2
DA:287,1
DA:291,1
DA:292,1
DA:295,1
DA:300,0
DA:301,0
DA:307,0
DA:311,0
DA:313,0
DA:314,0
DA:315,0
DA:316,0
DA:317,0
DA:318,0
DA:324,1
LF:92
LH:77
BRDA:102,0,0,0
BRDA:102,1,0,3
BRDA:102,1,1,3
BRDA:106,2,0,2
BRDA:117,3,0,1
BRDA:141,4,0,5
BRDA:141,4,1,2
BRDA:156,5,0,1
BRDA:156,5,1,1
BRDA:181,6,0,1
BRDA:266,7,0,2
BRDA:266,7,1,0
BRDA:267,8,0,1
BRDA:267,8,1,0
BRDA:271,9,0,1
BRDA:271,9,1,0
BRDA:279,10,0,1
BRDA:279,10,1,0
BRDA:280,11,0,1
BRDA:280,11,1,0
BRDA:281,12,0,1
BRDA:281,12,1,0
BRDA:283,13,0,1
BRDA:283,13,1,0
BRDA:287,14,0,1
BRDA:287,14,1,0
BRDA:291,15,0,1
BRDA:291,15,1,0
BRDA:314,16,0,0
BRF:29
BRH:18
end_of_record
TN:
SF:src/backend/hardcodedMap.ts
FNF:0
FNH:0
DA:1,3
DA:2,3
DA:4,3
DA:23,3
LF:4
LH:4
BRF:0
BRH:0
end_of_record
TN:
SF:src/backend/player.ts
FN:13,(anonymous_1)
FN:22,(anonymous_2)
FN:36,(anonymous_3)
FN:41,(anonymous_4)
FN:47,(anonymous_5)
FN:58,(anonymous_6)
FN:79,(anonymous_7)
FN:100,(anonymous_8)
FN:104,(anonymous_9)
FN:108,(anonymous_10)
FN:112,(anonymous_11)
FN:116,(anonymous_12)
FN:120,(anonymous_13)
FN:124,(anonymous_14)
FN:130,(anonymous_15)
FN:136,(anonymous_16)
FN:153,(anonymous_17)
FNF:17
FNH:16
FNDA:40,(anonymous_1)
FNDA:2,(anonymous_2)
FNDA:4,(anonymous_3)
FNDA:0,(anonymous_4)
FNDA:8,(anonymous_5)
FNDA:4,(anonymous_6)
FNDA:40,(anonymous_7)
FNDA:6,(anonymous_8)
FNDA:13,(anonymous_9)
FNDA:18,(anonymous_10)
FNDA:35,(anonymous_11)
FNDA:4,(anonymous_12)
FNDA:11,(anonymous_13)
FNDA:6,(anonymous_14)
FNDA:2,(anonymous_15)
FNDA:4,(anonymous_16)
FNDA:2,(anonymous_17)
DA:2,3
DA:3,3
DA:14,40
DA:15,40
DA:16,40
DA:17,40
DA:18,40
DA:28,2
DA:33,2
DA:37,4
DA:38,4
DA:42,0
DA:43,0
DA:48,8
DA:53,5
DA:55,3
DA:59,4
DA:60,1
DA:61,1
DA:63,3
DA:64,3
DA:65,7
DA:66,7
DA:67,6
DA:68,6
DA:70,1
DA:71,1
DA:73,7
DA:75,3
DA:76,3
DA:82,40
DA:94,40
DA:95,91
DA:97,40
DA:101,6
DA:105,13
DA:109,18
DA:113,35
DA:117,4
DA:121,11
DA:125,6
DA:130,2
DA:137,4
DA:139,4
DA:140,4
DA:141,4
DA:152,4
DA:153,2
DA:155,4
DA:157,4
DA:161,3
LF:51
LH:49
BRDA:48,0,0,5
BRDA:49,1,0,8
BRDA:49,1,1,6
BRDA:59,2,0,1
BRDA:66,3,0,6
BRDA:66,3,1,1
BRDA:130,4,0,2
BRDA:130,4,1,0
BRDA:139,5,0,4
BRDA:139,5,1,0
BRDA:140,6,0,4
BRDA:140,6,1,0
BRDA:141,7,0,4
BRDA:141,7,1,0
BRDA:152,8,0,4
BRDA:152,8,1,0
BRDA:153,9,0,2
BRDA:153,9,1,0
BRDA:155,10,0,4
BRDA:155,10,1,0
BRF:20
BRH:13
end_of_record
TN:
SF:src/backend/scoreCalculator.ts
FN:6,calculateGameScores
FN:25,calculatePlayerScore
FN:32,getPlayerPointsFromRouteValues
FN:43,getPlayerPointsFromDestinationCards
FN:62,getConnectedNetworks
FN:102,isDestinationCardInNetworks
FNF:6
FNH:6
FNDA:6,calculateGameScores
FNDA:7,calculatePlayerScore
FNDA:7,getPlayerPointsFromRouteValues
FNDA:7,getPlayerPointsFromDestinationCards
FNDA:7,getConnectedNetworks
FNDA:10,isDestinationCardInNetworks
DA:6,2
DA:10,6
DA:11,6
DA:12,6
DA:13,6
DA:14,7
DA:15,7
DA:16,5
DA:17,5
DA:19,7
DA:22,6
DA:27,7
DA:29,7
DA:36,7
DA:37,7
DA:38,15
DA:40,7
DA:47,7
DA:49,7
DA:50,7
DA:51,7
DA:52,10
DA:53,10
DA:54,7
DA:56,3
DA:59,7
DA:63,7
DA:66,7
DA:67,15
DA:68,15
DA:71,15
DA:72,10
DA:77,6
DA:81,15
DA:83,9
DA:87,6
DA:88,6
DA:90,6
DA:91,12
DA:93,6
DA:95,6
DA:99,7
DA:106,10
DA:107,13
DA:108,7
DA:111,3
DA:114,2
LF:47
LH:47
BRDA:15,0,0,5
BRDA:53,1,0,7
BRDA:53,1,1,3
BRDA:72,2,0,6
BRDA:73,3,0,10
BRDA:73,3,1,4
BRDA:81,4,0,9
BRDA:81,4,1,6
BRDA:107,5,0,7
BRDA:107,6,0,13
BRDA:107,6,1,10
BRF:11
BRH:11
end_of_record
TN:
SF:src/backend/trainCard.ts
FN:4,(anonymous_0)
FN:8,(anonymous_1)
FN:12,(anonymous_2)
FN:18,(anonymous_3)
FNF:4
FNH:4
FNDA:1846,(anonymous_0)
FNDA:105,(anonymous_1)
FNDA:7,(anonymous_2)
FNDA:7,(anonymous_3)
DA:5,1846
DA:9,105
DA:13,7
DA:19,7
DA:23,3
LF:5
LH:5
BRF:0
BRH:0
end_of_record
TN:
SF:src/backend/trainRoute.ts
FN:22,(anonymous_0)
FN:42,(anonymous_1)
FN:46,(anonymous_2)
FN:50,(anonymous_3)
FN:54,(anonymous_4)
FN:61,(anonymous_5)
FN:65,(anonymous_6)
FN:69,(anonymous_7)
FN:73,(anonymous_8)
FN:86,(anonymous_9)
FN:101,(anonymous_10)
FNF:11
FNH:8
FNDA:111,(anonymous_0)
FNDA:21,(anonymous_1)
FNDA:15,(anonymous_2)
FNDA:0,(anonymous_3)
FNDA:3,(anonymous_4)
FNDA:15,(anonymous_5)
FNDA:15,(anonymous_6)
FNDA:1,(anonymous_7)
FNDA:0,(anonymous_8)
FNDA:0,(anonymous_9)
FNDA:1,(anonymous_10)
DA:3,5
DA:32,111
DA:33,111
DA:34,111
DA:35,111
DA:36,111
DA:37,111
DA:38,111
DA:39,111
DA:43,21
DA:47,15
DA:51,0
DA:55,3
DA:56,3
DA:57,1
DA:62,15
DA:66,15
DA:70,1
DA:74,0
DA:87,0
DA:97,0
DA:98,0
DA:102,1
DA:106,5
LF:24
LH:19
BRDA:38,0,0,111
BRDA:38,0,1,111
BRDA:39,1,0,111
BRDA:39,1,1,111
BRDA:56,2,0,1
BRDA:62,3,0,15
BRDA:62,3,1,0
BRDA:97,4,0,0
BRDA:97,4,1,0
BRF:9
BRH:6
end_of_record
TN:
SF:src/firebase/FirebaseReadGameData.ts
FN:6,checkForChaneInTurn
FN:13,findTurnByGameID
FN:44,findGameByGameID
FN:77,findGameByField
FN:85,(anonymous_4)
FN:93,(anonymous_5)
FN:108,printGameQueryResults
FNF:7
FNH:0
FNDA:0,checkForChaneInTurn
FNDA:0,findTurnByGameID
FNDA:0,findGameByGameID
FNDA:0,findGameByField
FNDA:0,(anonymous_4)
FNDA:0,(anonymous_5)
FNDA:0,printGameQueryResults
DA:1,1
DA:2,1
DA:6,1
DA:13,1
DA:17,0
DA:18,0
DA:20,0
DA:22,0
DA:24,0
DA:25,0
DA:28,0
DA:30,0
DA:31,0
DA:34,0
DA:35,0
DA:44,1
DA:48,0
DA:49,0
DA:50,0
DA:52,0
DA:53,0
DA:54,0
DA:56,0
DA:58,0
DA:59,0
DA:62,0
DA:63,0
DA:81,0
DA:84,0
DA:86,0
DA:87,0
DA:89,0
DA:90,0
DA:94,0
DA:95,0
DA:109,0
DA:110,0
DA:111,0
DA:112,0
DA:113,0
DA:114,0
DA:116,0
LF:42
LH:5
BRDA:20,0,0,0
BRDA:20,0,1,0
BRDA:24,1,0,0
BRDA:52,2,0,0
BRDA:52,2,1,0
BRDA:53,3,0,0
BRDA:86,4,0,0
BRDA:86,4,1,0
BRDA:108,5,0,0
BRDA:109,6,0,0
BRDA:109,7,0,0
BRDA:109,7,1,0
BRDA:111,8,0,0
BRDA:112,9,0,0
BRDA:112,9,1,0
BRDA:112,10,0,0
BRDA:112,10,1,0
BRF:17
BRH:0
end_of_record
TN:
SF:src/firebase/FirebaseWriteGameData.ts
FN:10,writeGameToDatabase
FN:13,(anonymous_1)
FN:16,(anonymous_2)
FNF:3
FNH:0
FNDA:0,writeGameToDatabase
FNDA:0,(anonymous_1)
FNDA:0,(anonymous_2)
DA:1,1
DA:2,1
DA:10,1
DA:11,0
DA:12,0
DA:14,0
DA:17,0
LF:7
LH:3
BRF:0
BRH:0
end_of_record
TN:
SF:src/mainGamePage/mainGamePage.tsx
FN:54,(anonymous_1)
FN:92,(anonymous_2)
FN:93,(anonymous_3)
FN:102,(anonymous_4)
FN:113,(anonymous_5)
FN:120,(anonymous_6)
FN:124,(anonymous_7)
FN:130,(anonymous_8)
FN:140,(anonymous_9)
FN:151,(anonymous_10)
FN:164,(anonymous_11)
FN:169,(anonymous_12)
FN:184,(anonymous_13)
FN:203,(anonymous_14)
FN:212,(anonymous_15)
FN:217,(anonymous_16)
FN:239,(anonymous_17)
FN:240,(anonymous_18)
FN:245,(anonymous_19)
FN:260,(anonymous_20)
FN:261,(anonymous_21)
FN:272,(anonymous_22)
FN:278,(anonymous_23)
FN:280,(anonymous_24)
FN:307,(anonymous_25)
FN:316,(anonymous_26)
FN:317,(anonymous_27)
FN:318,(anonymous_28)
FN:329,(anonymous_29)
FN:330,(anonymous_30)
FN:341,(anonymous_31)
FN:383,(anonymous_32)
FN:391,(anonymous_33)
FN:394,(anonymous_34)
FN:419,(anonymous_35)
FN:426,(anonymous_36)
FN:447,(anonymous_37)
FN:467,(anonymous_38)
FN:477,(anonymous_39)
FN:482,(anonymous_40)
FN:490,(anonymous_41)
FN:511,(anonymous_42)
FN:598,(anonymous_43)
FNF:43
FNH:35
FNDA:37,(anonymous_1)
FNDA:6,(anonymous_2)
FNDA:54,(anonymous_3)
FNDA:12,(anonymous_4)
FNDA:6,(anonymous_5)
FNDA:6,(anonymous_6)
FNDA:6,(anonymous_7)
FNDA:12,(anonymous_8)
FNDA:10,(anonymous_9)
FNDA:12,(anonymous_10)
FNDA:12,(anonymous_11)
FNDA:6,(anonymous_12)
FNDA:6,(anonymous_13)
FNDA:12,(anonymous_14)
FNDA:12,(anonymous_15)
FNDA:12,(anonymous_16)
FNDA:7,(anonymous_17)
FNDA:0,(anonymous_18)
FNDA:7,(anonymous_19)
FNDA:6,(anonymous_20)
FNDA:54,(anonymous_21)
FNDA:1,(anonymous_22)
FNDA:2,(anonymous_23)
FNDA:46,(anonymous_24)
FNDA:2,(anonymous_25)
FNDA:0,(anonymous_26)
FNDA:0,(anonymous_27)
FNDA:0,(anonymous_28)
FNDA:0,(anonymous_29)
FNDA:0,(anonymous_30)
FNDA:4,(anonymous_31)
FNDA:0,(anonymous_32)
FNDA:2,(anonymous_33)
FNDA:2,(anonymous_34)
FNDA:18,(anonymous_35)
FNDA:2,(anonymous_36)
FNDA:1,(anonymous_37)
FNDA:9,(anonymous_38)
FNDA:0,(anonymous_39)
FNDA:1,(anonymous_40)
FNDA:1,(anonymous_41)
FNDA:19,(anonymous_42)
FNDA:279,(anonymous_43)
DA:1,1
DA:3,1
DA:4,1
DA:6,1
DA:7,1
DA:8,1
DA:9,1
DA:10,1
DA:11,1
DA:12,1
DA:13,1
DA:15,1
DA:16,1
DA:17,1
DA:19,1
DA:52,1
DA:54,1
DA:55,37
DA:56,37
DA:57,37
DA:58,37
DA:60,37
DA:61,37
DA:62,37
DA:63,37
DA:65,37
DA:66,37
DA:67,37
DA:68,37
DA:71,37
DA:74,37
DA:75,37
DA:76,37
DA:77,37
DA:78,37
DA:79,37
DA:80,37
DA:81,37
DA:82,37
DA:83,37
DA:84,37
DA:85,37
DA:86,37
DA:87,37
DA:88,37
DA:89,37
DA:90,37
DA:92,37
DA:93,54
DA:102,37
DA:103,12
DA:104,6
DA:105,6
DA:113,37
DA:114,6
DA:115,0
DA:116,0
DA:119,6
DA:120,6
DA:121,6
DA:124,6
DA:130,37
DA:131,12
DA:132,6
DA:140,37
DA:141,10
DA:142,2
DA:144,8
DA:151,37
DA:152,12
DA:153,6
DA:164,37
DA:165,12
DA:166,6
DA:169,6
DA:171,6
DA:172,6
DA:173,6
DA:174,6
DA:184,37
DA:185,6
DA:186,0
DA:187,0
DA:188,0
DA:189,0
DA:190,0
DA:192,0
DA:193,0
DA:196,0
DA:203,37
DA:204,12
DA:205,6
DA:212,37
DA:213,12
DA:214,12
DA:217,12
DA:218,6
DA:239,37
DA:240,7
DA:241,0
DA:244,7
DA:245,7
DA:246,7
DA:253,37
DA:254,6
DA:260,31
DA:261,54
DA:266,6
DA:272,31
DA:275,1
DA:277,1
DA:279,2
DA:281,46
DA:285,2
DA:286,2
DA:290,2
DA:293,0
DA:294,0
DA:297,0
DA:304,0
DA:305,0
DA:307,2
DA:309,1
DA:310,1
DA:316,31
DA:317,0
DA:318,0
DA:319,0
DA:329,31
DA:330,0
DA:335,0
DA:341,31
DA:342,4
DA:343,4
DA:344,2
DA:345,2
DA:346,2
DA:383,31
DA:384,0
DA:391,31
DA:393,2
DA:395,2
DA:400,2
DA:401,0
DA:402,0
DA:404,2
DA:411,2
DA:413,2
DA:414,2
DA:415,2
DA:416,2
DA:418,2
DA:419,18
DA:423,2
DA:426,2
DA:427,2
DA:428,2
DA:430,2
DA:431,2
DA:433,2
DA:436,2
DA:440,0
DA:447,31
DA:448,1
DA:454,1
DA:455,1
DA:458,1
DA:459,1
DA:460,9
DA:461,0
DA:462,0
DA:467,9
DA:471,1
DA:473,1
DA:474,0
DA:475,0
DA:477,0
DA:478,0
DA:482,1
DA:490,31
DA:491,1
DA:492,1
DA:493,1
DA:494,1
DA:495,1
DA:496,1
DA:497,1
DA:498,1
DA:499,1
DA:500,1
DA:501,1
DA:504,31
DA:508,31
DA:512,19
DA:599,279
DA:637,1
LF:196
LH:165
BRDA:57,0,0,37
BRDA:57,0,1,0
BRDA:58,1,0,37
BRDA:58,1,1,0
BRDA:60,2,0,37
BRDA:60,2,1,37
BRDA:103,3,0,6
BRDA:114,4,0,0
BRDA:131,5,0,6
BRDA:141,6,0,2
BRDA:141,6,1,8
BRDA:141,7,0,10
BRDA:141,7,1,8
BRDA:141,7,2,8
BRDA:152,8,0,6
BRDA:165,9,0,6
BRDA:165,10,0,12
BRDA:165,10,1,12
BRDA:166,11,0,0
BRDA:166,12,0,6
BRDA:166,12,1,6
BRDA:171,13,0,6
BRDA:185,14,0,0
BRDA:185,15,0,6
BRDA:185,15,1,0
BRDA:204,16,0,6
BRDA:213,17,0,12
BRDA:214,18,0,6
BRDA:214,19,0,12
BRDA:214,19,1,6
BRDA:253,20,0,6
BRDA:281,21,0,46
BRDA:281,21,1,5
BRDA:285,22,0,2
BRDA:293,23,0,0
BRDA:319,24,0,0
BRDA:319,24,1,0
BRDA:343,25,0,2
BRDA:395,26,0,2
BRDA:395,26,1,2
BRDA:395,26,2,0
BRDA:395,26,3,0
BRDA:400,27,0,0
BRDA:404,28,0,2
BRDA:405,29,0,2
BRDA:405,29,1,2
BRDA:405,29,2,2
BRDA:405,29,3,2
BRDA:413,30,0,2
BRDA:448,31,0,1
BRDA:449,32,0,1
BRDA:449,32,1,1
BRDA:449,32,2,1
BRDA:449,32,3,1
BRDA:460,33,0,0
BRDA:473,34,0,0
BRDA:505,35,0,2
BRDA:505,35,1,29
BRDA:534,36,0,31
BRDA:534,36,1,0
BRDA:547,37,0,31
BRDA:547,37,1,2
BRDA:557,38,0,31
BRDA:557,38,1,0
BRDA:557,38,2,0
BRDA:587,39,0,31
BRDA:587,39,1,1
BRF:67
BRH:50
end_of_record
TN:
SF:src/mainGamePage/components/PlayerActions/ActionBox.tsx
FN:9,ActionBox
FN:56,(anonymous_2)
FN:64,(anonymous_3)
FN:81,(anonymous_4)
FN:134,HomeBox
FN:141,(anonymous_6)
FN:142,(anonymous_7)
FN:143,(anonymous_8)
FN:148,PlayTrains
FN:156,Submit
FN:182,(anonymous_11)
FN:201,TurnOver
FNF:12
FNH:11
FNDA:18,ActionBox
FNDA:11,(anonymous_2)
FNDA:11,(anonymous_3)
FNDA:1,(anonymous_4)
FNDA:4,HomeBox
FNDA:1,(anonymous_6)
FNDA:1,(anonymous_7)
FNDA:1,(anonymous_8)
FNDA:2,PlayTrains
FNDA:4,Submit
FNDA:1,(anonymous_11)
FNDA:0,TurnOver
DA:1,1
DA:2,1
DA:3,1
DA:7,1
DA:53,18
DA:54,18
DA:56,18
DA:57,11
DA:58,0
DA:59,11
DA:60,4
DA:64,18
DA:65,11
DA:66,4
DA:67,7
DA:68,0
DA:69,0
DA:70,7
DA:71,4
DA:72,4
DA:73,3
DA:74,1
DA:75,2
DA:76,2
DA:77,2
DA:81,18
DA:82,1
DA:83,0
DA:84,1
DA:85,1
DA:87,1
DA:90,18
DA:91,0
DA:94,18
DA:139,4
DA:141,1
DA:142,1
DA:143,1
DA:149,2
DA:182,4
DA:183,1
DA:184,1
DA:185,1
DA:186,1
DA:188,1
DA:194,4
DA:202,0
DA:211,1
LF:48
LH:42
BRDA:57,0,0,0
BRDA:57,0,1,11
BRDA:57,1,0,11
BRDA:57,1,1,11
BRDA:57,1,2,11
BRDA:59,2,0,4
BRDA:59,3,0,11
BRDA:59,3,1,11
BRDA:65,4,0,4
BRDA:65,4,1,7
BRDA:67,5,0,0
BRDA:67,5,1,7
BRDA:67,6,0,7
BRDA:67,6,1,4
BRDA:70,7,0,4
BRDA:70,7,1,3
BRDA:73,8,0,1
BRDA:73,8,1,2
BRDA:75,9,0,2
BRDA:75,10,0,2
BRDA:75,10,1,2
BRDA:82,11,0,0
BRDA:82,11,1,1
BRDA:84,12,0,1
BRDA:90,13,0,0
BRDA:96,14,0,7
BRDA:96,14,1,11
BRDA:96,15,0,18
BRDA:96,15,1,7
BRDA:102,16,0,4
BRDA:102,16,1,14
BRDA:102,17,0,18
BRDA:102,17,1,4
BRDA:104,18,0,8
BRDA:104,18,1,6
BRDA:104,19,0,14
BRDA:104,19,1,8
BRDA:113,20,0,2
BRDA:113,20,1,4
BRDA:113,21,0,6
BRDA:113,21,1,2
BRDA:115,22,0,4
BRDA:115,22,1,0
BRDA:115,23,0,4
BRDA:115,23,1,4
BRDA:183,24,0,1
BRDA:183,25,0,1
BRDA:183,25,1,1
BRDA:183,25,2,1
BRF:49
BRH:44
end_of_record
TN:
SF:src/mainGamePage/components/Profile/ProfileCard.tsx
FN:4,PlayerCard
FNF:1
FNH:1
FNDA:46,PlayerCard
DA:1,1
DA:2,1
DA:18,46
DA:19,46
DA:21,46
DA:23,46
DA:41,1
LF:7
LH:7
BRDA:18,0,0,46
BRDA:18,0,1,0
BRDA:21,1,0,46
BRDA:21,1,1,29
BRDA:25,2,0,29
BRDA:25,2,1,17
BRF:6
BRH:5
end_of_record
TN:
SF:src/mainGamePage/constants/cities.tsx
FNF:0
FNH:0
DA:8,1
DA:27,1
LF:2
LH:2
BRF:0
BRH:0
end_of_record
TN:
SF:src/mainGamePage/constants/destinationCards.tsx
FNF:0
FNH:0
DA:1,1
DA:33,1
DA:174,1
LF:3
LH:3
BRF:0
BRH:0
end_of_record
TN:
SF:src/mainGamePage/constants/trainCards.tsx
FN:15,(anonymous_0)
FNF:1
FNH:1
FNDA:9,(anonymous_0)
DA:1,1
DA:3,1
DA:15,9
DA:20,1
LF:4
LH:4
BRF:0
BRH:0
end_of_record
