TN:
SF:src/main_game_page/main_game_page.tsx
FN:95,(anonymous_1)
FN:100,(anonymous_2)
FN:133,(anonymous_3)
FN:141,(anonymous_4)
FN:142,(anonymous_5)
FN:143,(anonymous_6)
FN:151,(anonymous_7)
FN:159,(anonymous_8)
FN:178,(anonymous_9)
FN:180,(anonymous_10)
FN:189,(anonymous_11)
FN:197,(anonymous_12)
FN:198,(anonymous_13)
FN:208,(anonymous_14)
FN:215,(anonymous_15)
FN:216,(anonymous_16)
FN:221,(anonymous_17)
FN:226,(anonymous_18)
FN:234,(anonymous_19)
FN:236,(anonymous_20)
FN:238,(anonymous_21)
FN:264,(anonymous_22)
FN:265,(anonymous_23)
FN:279,(anonymous_24)
FN:289,(anonymous_25)
FN:301,(anonymous_26)
FN:306,(anonymous_27)
FN:311,(anonymous_28)
FN:324,(anonymous_29)
FN:366,(anonymous_30)
FN:440,(anonymous_31)
FNF:31
FNH:2
FNDA:9,(anonymous_1)
FNDA:19,(anonymous_2)
FNDA:0,(anonymous_3)
FNDA:0,(anonymous_4)
FNDA:0,(anonymous_5)
FNDA:0,(anonymous_6)
FNDA:0,(anonymous_7)
FNDA:0,(anonymous_8)
FNDA:0,(anonymous_9)
FNDA:0,(anonymous_10)
FNDA:0,(anonymous_11)
FNDA:0,(anonymous_12)
FNDA:0,(anonymous_13)
FNDA:0,(anonymous_14)
FNDA:0,(anonymous_15)
FNDA:0,(anonymous_16)
FNDA:0,(anonymous_17)
FNDA:0,(anonymous_18)
FNDA:0,(anonymous_19)
FNDA:0,(anonymous_20)
FNDA:0,(anonymous_21)
FNDA:0,(anonymous_22)
FNDA:0,(anonymous_23)
FNDA:0,(anonymous_24)
FNDA:0,(anonymous_25)
FNDA:0,(anonymous_26)
FNDA:0,(anonymous_27)
FNDA:0,(anonymous_28)
FNDA:0,(anonymous_29)
FNDA:0,(anonymous_30)
FNDA:0,(anonymous_31)
DA:1,1
DA:5,1
DA:6,1
DA:7,1
DA:8,1
DA:10,1
DA:11,1
DA:12,1
DA:13,1
DA:14,1
DA:15,1
DA:16,1
DA:18,1
DA:19,1
DA:20,1
DA:21,1
DA:35,1
DA:53,1
DA:83,1
DA:85,1
DA:90,1
DA:91,1
DA:93,1
DA:95,9
DA:100,1
DA:101,19
DA:102,19
DA:104,19
DA:105,19
DA:106,19
DA:108,19
DA:110,19
DA:111,18
DA:112,18
DA:113,18
DA:114,18
DA:115,18
DA:116,18
DA:117,18
DA:118,18
DA:119,18
DA:120,18
DA:121,18
DA:122,18
DA:123,18
DA:124,18
DA:126,18
DA:133,0
DA:134,0
DA:135,0
DA:137,0
DA:141,0
DA:142,0
DA:143,0
DA:144,0
DA:151,0
DA:154,0
DA:156,0
DA:157,0
DA:158,0
DA:160,0
DA:164,0
DA:165,0
DA:169,0
DA:172,0
DA:178,0
DA:179,0
DA:180,0
DA:185,0
DA:189,0
DA:190,0
DA:193,0
DA:194,0
DA:196,0
DA:197,0
DA:198,0
DA:200,0
DA:201,0
DA:204,0
DA:205,0
DA:206,0
DA:208,0
DA:209,0
DA:212,0
DA:215,0
DA:216,0
DA:217,0
DA:220,0
DA:221,0
DA:222,0
DA:226,0
DA:227,0
DA:228,0
DA:230,0
DA:234,0
DA:235,0
DA:236,0
DA:238,0
DA:240,0
DA:251,0
DA:252,0
DA:253,0
DA:254,0
DA:258,0
DA:259,0
DA:260,0
DA:264,0
DA:265,0
DA:266,0
DA:273,0
DA:275,0
DA:279,0
DA:280,0
DA:282,0
DA:283,0
DA:284,0
DA:285,0
DA:289,0
DA:290,0
DA:296,0
DA:297,0
DA:298,0
DA:299,0
DA:301,0
DA:302,0
DA:306,0
DA:311,0
DA:312,0
DA:313,0
DA:314,0
DA:316,0
DA:317,0
DA:318,0
DA:319,0
DA:320,0
DA:324,0
DA:328,0
DA:348,0
DA:362,0
DA:367,0
DA:441,0
DA:477,1
LF:142
LH:48
BRDA:106,0,0,19
BRDA:106,0,1,0
BRDA:108,1,0,19
BRDA:108,1,1,0
BRDA:134,2,0,0
BRDA:134,2,1,0
BRDA:134,3,0,0
BRDA:134,3,1,0
BRDA:134,3,2,0
BRDA:144,4,0,0
BRDA:144,4,1,0
BRDA:157,5,0,0
BRDA:160,6,0,0
BRDA:160,6,1,0
BRDA:164,7,0,0
BRDA:193,8,0,0
BRDA:193,8,1,0
BRDA:227,9,0,0
BRDA:227,9,1,0
BRDA:240,10,0,0
BRDA:240,10,1,0
BRDA:241,11,0,0
BRDA:241,11,1,0
BRDA:241,11,2,0
BRDA:241,11,3,0
BRDA:241,11,4,0
BRDA:241,11,5,0
BRDA:241,11,6,0
BRDA:241,11,7,0
BRDA:254,12,0,0
BRDA:255,13,0,0
BRDA:255,13,1,0
BRDA:266,14,0,0
BRDA:266,14,1,0
BRDA:266,15,0,0
BRDA:266,15,1,0
BRDA:266,15,2,0
BRDA:282,16,0,0
BRDA:290,17,0,0
BRDA:291,18,0,0
BRDA:291,18,1,0
BRDA:291,18,2,0
BRDA:291,18,3,0
BRDA:297,19,0,0
BRDA:344,20,0,0
BRDA:344,20,1,0
BRDA:390,21,0,0
BRDA:390,21,1,0
BRDA:396,22,0,0
BRDA:396,22,1,0
BRDA:396,22,2,0
BRDA:427,23,0,0
BRDA:427,23,1,0
BRF:53
BRH:2
end_of_record
TN:
SF:src/main_game_page/components/PlayerActions/ActionBox.tsx
FN:8,ActionBox
FN:53,(anonymous_2)
FN:59,(anonymous_3)
FN:79,(anonymous_4)
FN:129,HomeBox
FN:136,(anonymous_6)
FN:137,(anonymous_7)
FN:138,(anonymous_8)
FN:143,PlayTrains
FN:151,Submit
FN:177,(anonymous_11)
FN:197,TurnOver
FNF:12
FNH:11
FNDA:18,ActionBox
FNDA:18,(anonymous_2)
FNDA:11,(anonymous_3)
FNDA:1,(anonymous_4)
FNDA:4,HomeBox
FNDA:1,(anonymous_6)
FNDA:1,(anonymous_7)
FNDA:1,(anonymous_8)
FNDA:2,PlayTrains
FNDA:4,Submit
FNDA:1,(anonymous_11)
FNDA:0,TurnOver
DA:1,1
DA:2,1
DA:3,1
DA:50,18
DA:51,18
DA:53,18
DA:54,18
DA:55,0
DA:59,18
DA:60,11
DA:61,4
DA:62,7
DA:63,0
DA:64,0
DA:65,7
DA:66,4
DA:67,4
DA:68,3
DA:69,0
DA:70,0
DA:71,3
DA:72,1
DA:73,2
DA:74,2
DA:75,2
DA:79,18
DA:80,1
DA:81,0
DA:82,1
DA:83,1
DA:85,1
DA:88,18
DA:134,4
DA:136,1
DA:137,1
DA:138,1
DA:144,2
DA:177,4
DA:178,1
DA:179,1
DA:181,1
DA:182,1
DA:184,1
DA:190,4
DA:198,0
DA:207,1
LF:46
LH:39
BRDA:54,0,0,0
BRDA:54,1,0,18
BRDA:54,1,1,18
BRDA:54,1,2,18
BRDA:60,2,0,4
BRDA:60,2,1,7
BRDA:62,3,0,0
BRDA:62,3,1,7
BRDA:62,4,0,7
BRDA:62,4,1,4
BRDA:65,5,0,4
BRDA:65,5,1,3
BRDA:68,6,0,0
BRDA:68,6,1,3
BRDA:68,7,0,3
BRDA:68,7,1,0
BRDA:71,8,0,1
BRDA:71,8,1,2
BRDA:73,9,0,2
BRDA:73,10,0,2
BRDA:73,10,1,2
BRDA:80,11,0,0
BRDA:80,11,1,1
BRDA:82,12,0,1
BRDA:90,13,0,7
BRDA:90,13,1,11
BRDA:90,14,0,18
BRDA:90,14,1,7
BRDA:97,15,0,4
BRDA:97,15,1,14
BRDA:97,16,0,18
BRDA:97,16,1,4
BRDA:99,17,0,8
BRDA:99,17,1,6
BRDA:99,18,0,14
BRDA:99,18,1,8
BRDA:108,19,0,2
BRDA:108,19,1,4
BRDA:108,20,0,6
BRDA:108,20,1,2
BRDA:110,21,0,4
BRDA:110,21,1,0
BRDA:110,22,0,4
BRDA:110,22,1,4
BRDA:178,23,0,1
BRDA:178,24,0,1
BRDA:178,24,1,1
BRDA:178,24,2,1
BRF:48
BRH:42
end_of_record
TN:
SF:src/main_game_page/constants/cities.tsx
FNF:0
FNH:0
DA:8,1
DA:27,1
LF:2
LH:2
BRF:0
BRH:0
end_of_record
TN:
SF:src/main_game_page/constants/destination_cards.tsx
FNF:0
FNH:0
DA:8,1
DA:149,1
LF:2
LH:2
BRF:0
BRH:0
end_of_record
TN:
SF:src/main_game_page/constants/routes.tsx
FNF:0
FNH:0
DA:1,1
DA:22,1
DA:259,1
LF:3
LH:3
BRF:0
BRH:0
end_of_record
TN:
SF:src/main_game_page/constants/train_cards.tsx
FNF:0
FNH:0
DA:1,1
DA:13,1
LF:2
LH:2
BRF:0
BRH:0
end_of_record
